Transferred:   	          0 B / 0 B, -, 0 B/s, ETA -
Transferred:            1 / 1, 100%
Elapsed time:         0.0s
Transferred:   	   15.996 MiB / 789.179 MiB, 2%, 0 B/s, ETA -
Transferred:            0 / 1, 0%
Elapsed time:         0.3s
Transferring:
 * out_%E5%B0%8F%E5%9F%8E…C%2012%20%E9%9B%86.mkv:  2% /789.179Mi, 0/s, -Transferred:   	   31.496 MiB / 789.179 MiB, 4%, 0 B/s, ETA -
Transferred:            0 / 1, 0%
Elapsed time:         0.8s
Transferring:
 * out_%E5%B0%8F%E5%9F%8E…C%2012%20%E9%9B%86.mkv:  3% /789.179Mi, 0/s, -Transferred:   	   42.496 MiB / 789.179 MiB, 5%, 34.493 MiB/s, ETA 21s
Transferred:            0 / 1, 0%
Elapsed time:         1.3s
Transferring:
 * out_%E5%B0%8F%E5%9F%8E…C%2012%20%E9%9B%86.mkv:  5% /789.179Mi, 35.492Mi/s, Transferred:   	   49.496 MiB / 789.179 MiB, 6%, 34.493 MiB/s, ETA 21s
Transferred:            0 / 1, 0%
Elapsed time:         1.8s
Transferring:
 * out_%E5%B0%8F%E5%9F%8E…C%2012%20%E9%9B%86.mkv:  6% /789.179Mi, 35.492Mi/s, Transferred:   	   55.496 MiB / 789.179 MiB, 7%, 24.747 MiB/s, ETA 29s
Transferred:            0 / 1, 0%
Elapsed time:         2.3s
Transferring:
 * out_%E5%B0%8F%E5%9F%8E…C%2012%20%E9%9B%86.mkv:  7% /789.179Mi, 25.746Mi/s, Transferred:   	   58.496 MiB / 789.179 MiB, 7%, 24.747 MiB/s, ETA 29s
Transferred:            0 / 1, 0%
Elapsed time:         2.8s
Transferring:
 * out_%E5%B0%8F%E5%9F%8E…C%2012%20%E9%9B%86.mkv:  7% /789.179Mi, 25.746Mi/s, Transferred:   	   64.496 MiB / 789.179 MiB, 8%, 20.164 MiB/s, ETA 35s
Transferred:            0 / 1, 0%
Elapsed time:         3.3s
Transferring:
 * out_%E5%B0%8F%E5%9F%8E…C%2012%20%E9%9B%86.mkv:  8% /789.179Mi, 20.164Mi/s, Transferred:   	   68.496 MiB / 789.179 MiB, 9%, 20.164 MiB/s, ETA 35s
Transferred:            0 / 1, 0%
Elapsed time:         3.8s
Transferring:
 * out_%E5%B0%8F%E5%9F%8E…C%2012%20%E9%9B%86.mkv:  8% /789.179Mi, 20.164Mi/s, Transferred:   	   73.996 MiB / 789.179 MiB, 9%, 17.623 MiB/s, ETA 40s
Transferred:            0 / 1, 0%
Elapsed time:         4.3s
Transferring:
 * out_%E5%B0%8F%E5%9F%8E…C%2012%20%E9%9B%86.mkv:  9% /789.179Mi, 17.623Mi/s, Transferred:   	   80.996 MiB / 789.179 MiB, 10%, 17.623 MiB/s, ETA 40s
Transferred:            0 / 1, 0%
Elapsed time:         4.8s
Transferring:
 * out_%E5%B0%8F%E5%9F%8E…C%2012%20%E9%9B%86.mkv: 10% /789.179Mi, 17.623Mi/s, Transferred:   	   87.496 MiB / 789.179 MiB, 11%, 16.499 MiB/s, ETA 42s
Transferred:            0 / 1, 0%
Elapsed time:         5.3s
Transferring:
 * out_%E5%B0%8F%E5%9F%8E…C%2012%20%E9%9B%86.mkv: 11% /789.179Mi, 16.498Mi/s, Transferred:   	   94.496 MiB / 789.179 MiB, 12%, 16.499 MiB/s, ETA 42s
Transferred:            0 / 1, 0%
Elapsed time:         5.8s
Transferring:
 * out_%E5%B0%8F%E5%9F%8E…C%2012%20%E9%9B%86.mkv: 11% /789.179Mi, 16.498Mi/s, Transferred:   	   99.496 MiB / 789.179 MiB, 13%, 15.999 MiB/s, ETA 43s
Transferred:            0 / 1, 0%
Elapsed time:         6.3s
Transferring:
 * out_%E5%B0%8F%E5%9F%8E…C%2012%20%E9%9B%86.mkv: 12% /789.179Mi, 15.999Mi/s, Transferred:   	  104.496 MiB / 789.179 MiB, 13%, 15.999 MiB/s, ETA 42s
Transferred:            0 / 1, 0%
Elapsed time:         6.8s
Transferring:
 * out_%E5%B0%8F%E5%9F%8E…C%2012%20%E9%9B%86.mkv: 13% /789.179Mi, 15.999Mi/s, Transferred:   	  110.496 MiB / 789.179 MiB, 14%, 15.142 MiB/s, ETA 44s
Transferred:            0 / 1, 0%
Elapsed time:         7.3s
Transferring:
 * out_%E5%B0%8F%E5%9F%8E…C%2012%20%E9%9B%86.mkv: 14% /789.179Mi, 15.142Mi/s, Transferred:   	  114.496 MiB / 789.179 MiB, 15%, 15.142 MiB/s, ETA 44s
Transferred:            0 / 1, 0%
Elapsed time:         7.8s
Transferring:
 * out_%E5%B0%8F%E5%9F%8E…C%2012%20%E9%9B%86.mkv: 14% /789.179Mi, 15.142Mi/s, Transferred:   	  120.996 MiB / 789.179 MiB, 15%, 14.562 MiB/s, ETA 45s
Transferred:            0 / 1, 0%
Elapsed time:         8.3s
Transferring:
 * out_%E5%B0%8F%E5%9F%8E…C%2012%20%E9%9B%86.mkv: 15% /789.179Mi, 14.562Mi/s, Transferred:   	  125.996 MiB / 789.179 MiB, 16%, 14.562 MiB/s, ETA 45s
Transferred:            0 / 1, 0%
Elapsed time:         8.8s
Transferring:
 * out_%E5%B0%8F%E5%9F%8E…C%2012%20%E9%9B%86.mkv: 15% /789.179Mi, 14.562Mi/s, Transferred:   	  131.996 MiB / 789.179 MiB, 17%, 14.166 MiB/s, ETA 46s
Transferred:            0 / 1, 0%
Elapsed time:         9.3s
Transferring:
 * out_%E5%B0%8F%E5%9F%8E…C%2012%20%E9%9B%86.mkv: 16% /789.179Mi, 14.166Mi/s, Transferred:   	  139.496 MiB / 789.179 MiB, 18%, 14.166 MiB/s, ETA 45s
Transferred:            0 / 1, 0%
Elapsed time:         9.8s
Transferring:
 * out_%E5%B0%8F%E5%9F%8E…C%2012%20%E9%9B%86.mkv: 17% /789.179Mi, 14.166Mi/s, Transferred:   	  144.496 MiB / 789.179 MiB, 18%, 14.049 MiB/s, ETA 45s
Transferred:            0 / 1, 0%
Elapsed time:        10.3s
Transferring:
 * out_%E5%B0%8F%E5%9F%8E…C%2012%20%E9%9B%86.mkv: 18% /789.179Mi, 14.049Mi/s, Transferred:   	  150.496 MiB / 789.179 MiB, 19%, 14.049 MiB/s, ETA 45s
Transferred:            0 / 1, 0%
Elapsed time:        10.8s
Transferring:
 * out_%E5%B0%8F%E5%9F%8E…C%2012%20%E9%9B%86.mkv: 19% /789.179Mi, 14.049Mi/s, Transferred:   	  153.996 MiB / 789.179 MiB, 20%, 13.681 MiB/s, ETA 46s
Transferred:            0 / 1, 0%
Elapsed time:        11.3s
Transferring:
 * out_%E5%B0%8F%E5%9F%8E…C%2012%20%E9%9B%86.mkv: 19% /789.179Mi, 13.863Mi/s, Transferred:   	  160.496 MiB / 789.179 MiB, 20%, 13.681 MiB/s, ETA 45s
Transferred:            0 / 1, 0%
Elapsed time:        11.8s
Transferring:
 * out_%E5%B0%8F%E5%9F%8E…C%2012%20%E9%9B%86.mkv: 20% /789.179Mi, 13.863Mi/s, Transferred:   	  166.496 MiB / 789.179 MiB, 21%, 13.541 MiB/s, ETA 45s
Transferred:            0 / 1, 0%
Elapsed time:        12.3s
Transferring:
 * out_%E5%B0%8F%E5%9F%8E…C%2012%20%E9%9B%86.mkv: 21% /789.179Mi, 13.541Mi/s, Transferred:   	  171.996 MiB / 789.179 MiB, 22%, 13.541 MiB/s, ETA 45s
Transferred:            0 / 1, 0%
Elapsed time:        12.8s
Transferring:
 * out_%E5%B0%8F%E5%9F%8E…C%2012%20%E9%9B%86.mkv: 21% /789.179Mi, 13.541Mi/s, Transferred:   	  177.496 MiB / 789.179 MiB, 22%, 13.230 MiB/s, ETA 46s
Transferred:            0 / 1, 0%
Elapsed time:        13.3s
Transferring:
 * out_%E5%B0%8F%E5%9F%8E…C%2012%20%E9%9B%86.mkv: 22% /789.179Mi, 13.230Mi/s, Transferred:   	  183.496 MiB / 789.179 MiB, 23%, 13.230 MiB/s, ETA 45s
Transferred:            0 / 1, 0%
Elapsed time:        13.8s
Transferring:
 * out_%E5%B0%8F%E5%9F%8E…C%2012%20%E9%9B%86.mkv: 23% /789.179Mi, 13.230Mi/s, Transferred:   	  188.996 MiB / 789.179 MiB, 24%, 13.214 MiB/s, ETA 45s
Transferred:            0 / 1, 0%
Elapsed time:        14.3s
Transferring:
 * out_%E5%B0%8F%E5%9F%8E…C%2012%20%E9%9B%86.mkv: 23% /789.179Mi, 13.321Mi/s, Transferred:   	  193.996 MiB / 789.179 MiB, 25%, 13.214 MiB/s, ETA 45s
Transferred:            0 / 1, 0%
Elapsed time:        14.8s
Transferring:
 * out_%E5%B0%8F%E5%9F%8E…C%2012%20%E9%9B%86.mkv: 24% /789.179Mi, 13.321Mi/s, Transferred:   	  201.496 MiB / 789.179 MiB, 26%, 13.033 MiB/s, ETA 45s
Transferred:            0 / 1, 0%
Elapsed time:        15.3s
Transferring:
 * out_%E5%B0%8F%E5%9F%8E…C%2012%20%E9%9B%86.mkv: 25% /789.179Mi, 13.033Mi/s, Transferred:   	  205.996 MiB / 789.179 MiB, 26%, 13.033 MiB/s, ETA 44s
Transferred:            0 / 1, 0%
Elapsed time:        15.8s
Transferring:
 * out_%E5%B0%8F%E5%9F%8E…C%2012%20%E9%9B%86.mkv: 26% /789.179Mi, 13.033Mi/s, Transferred:   	  211.496 MiB / 789.179 MiB, 27%, 12.875 MiB/s, ETA 44s
Transferred:            0 / 1, 0%
Elapsed time:        16.3s
Transferring:
 * out_%E5%B0%8F%E5%9F%8E…C%2012%20%E9%9B%86.mkv: 26% /789.179Mi, 12.874Mi/s, Transferred:   	  216.496 MiB / 789.179 MiB, 27%, 12.875 MiB/s, ETA 44s
Transferred:            0 / 1, 0%
Elapsed time:        16.8s
Transferring:
 * out_%E5%B0%8F%E5%9F%8E…C%2012%20%E9%9B%86.mkv: 27% /789.179Mi, 12.874Mi/s, Transferred:   	  222.996 MiB / 789.179 MiB, 28%, 12.820 MiB/s, ETA 44s
Transferred:            0 / 1, 0%
Elapsed time:        17.3s
Transferring:
 * out_%E5%B0%8F%E5%9F%8E…C%2012%20%E9%9B%86.mkv: 28% /789.179Mi, 12.820Mi/s, Transferred:   	  228.496 MiB / 789.179 MiB, 29%, 12.820 MiB/s, ETA 43s
Transferred:            0 / 1, 0%
Elapsed time:        17.8s
Transferring:
 * out_%E5%B0%8F%E5%9F%8E…C%2012%20%E9%9B%86.mkv: 28% /789.179Mi, 12.820Mi/s, Transferred:   	  233.996 MiB / 789.179 MiB, 30%, 12.769 MiB/s, ETA 43s
Transferred:            0 / 1, 0%
Elapsed time:        18.3s
Transferring:
 * out_%E5%B0%8F%E5%9F%8E…C%2012%20%E9%9B%86.mkv: 29% /789.179Mi, 12.769Mi/s, Transferred:   	  238.996 MiB / 789.179 MiB, 30%, 12.769 MiB/s, ETA 43s
Transferred:            0 / 1, 0%
Elapsed time:        18.8s
Transferring:
 * out_%E5%B0%8F%E5%9F%8E…C%2012%20%E9%9B%86.mkv: 30% /789.179Mi, 12.769Mi/s, Transferred:   	  244.496 MiB / 789.179 MiB, 31%, 12.658 MiB/s, ETA 43s
Transferred:            0 / 1, 0%
Elapsed time:        19.3s
Transferring:
 * out_%E5%B0%8F%E5%9F%8E…C%2012%20%E9%9B%86.mkv: 30% /789.179Mi, 12.658Mi/s, Transferred:   	  251.496 MiB / 789.179 MiB, 32%, 12.658 MiB/s, ETA 42s
Transferred:            0 / 1, 0%
Elapsed time:        19.8s
Transferring:
 * out_%E5%B0%8F%E5%9F%8E…C%2012%20%E9%9B%86.mkv: 31% /789.179Mi, 12.658Mi/s, Transferred:   	  255.996 MiB / 789.179 MiB, 32%, 12.617 MiB/s, ETA 42s
Transferred:            0 / 1, 0%
Elapsed time:        20.3s
Transferring:
 * out_%E5%B0%8F%E5%9F%8E…C%2012%20%E9%9B%86.mkv: 32% /789.179Mi, 12.617Mi/s, Transferred:   	  261.996 MiB / 789.179 MiB, 33%, 12.617 MiB/s, ETA 41s
Transferred:            0 / 1, 0%
Elapsed time:        20.8s
Transferring:
 * out_%E5%B0%8F%E5%9F%8E…C%2012%20%E9%9B%86.mkv: 33% /789.179Mi, 12.617Mi/s, Transferred:   	  266.996 MiB / 789.179 MiB, 34%, 12.485 MiB/s, ETA 41s
Transferred:            0 / 1, 0%
Elapsed time:        21.3s
Transferring:
 * out_%E5%B0%8F%E5%9F%8E…C%2012%20%E9%9B%86.mkv: 33% /789.179Mi, 12.485Mi/s, Transferred:   	  271.996 MiB / 789.179 MiB, 34%, 12.485 MiB/s, ETA 41s
Transferred:            0 / 1, 0%
Elapsed time:        21.8s
Transferring:
 * out_%E5%B0%8F%E5%9F%8E…C%2012%20%E9%9B%86.mkv: 34% /789.179Mi, 12.485Mi/s, Transferred:   	  277.996 MiB / 789.179 MiB, 35%, 12.392 MiB/s, ETA 41s
Transferred:            0 / 1, 0%
Elapsed time:        22.3s
Transferring:
 * out_%E5%B0%8F%E5%9F%8E…C%2012%20%E9%9B%86.mkv: 35% /789.179Mi, 12.392Mi/s, Transferred:   	  283.496 MiB / 789.179 MiB, 36%, 12.392 MiB/s, ETA 40s
Transferred:            0 / 1, 0%
Elapsed time:        22.8s
Transferring:
 * out_%E5%B0%8F%E5%9F%8E…C%2012%20%E9%9B%86.mkv: 35% /789.179Mi, 12.392Mi/s, Transferred:   	  288.996 MiB / 789.179 MiB, 37%, 12.274 MiB/s, ETA 40s
Transferred:            0 / 1, 0%
Elapsed time:        23.3s
Transferring:
 * out_%E5%B0%8F%E5%9F%8E…C%2012%20%E9%9B%86.mkv: 36% /789.179Mi, 12.274Mi/s, Transferred:   	  294.496 MiB / 789.179 MiB, 37%, 12.274 MiB/s, ETA 40s
Transferred:            0 / 1, 0%
Elapsed time:        23.8s
Transferring:
 * out_%E5%B0%8F%E5%9F%8E…C%2012%20%E9%9B%86.mkv: 37% /789.179Mi, 12.274Mi/s, Transferred:   	  301.496 MiB / 789.179 MiB, 38%, 12.194 MiB/s, ETA 39s
Transferred:            0 / 1, 0%
Elapsed time:        24.3s
Transferring:
 * out_%E5%B0%8F%E5%9F%8E…C%2012%20%E9%9B%86.mkv: 38% /789.179Mi, 12.194Mi/s, Transferred:   	  306.996 MiB / 789.179 MiB, 39%, 12.194 MiB/s, ETA 39s
Transferred:            0 / 1, 0%
Elapsed time:        24.8s
Transferring:
 * out_%E5%B0%8F%E5%9F%8E…C%2012%20%E9%9B%86.mkv: 38% /789.179Mi, 12.194Mi/s, Transferred:   	  312.496 MiB / 789.179 MiB, 40%, 12.244 MiB/s, ETA 38s
Transferred:            0 / 1, 0%
Elapsed time:        25.3s
Transferring:
 * out_%E5%B0%8F%E5%9F%8E…C%2012%20%E9%9B%86.mkv: 39% /789.179Mi, 12.244Mi/s, Transferred:   	  318.996 MiB / 789.179 MiB, 40%, 12.244 MiB/s, ETA 38s
Transferred:            0 / 1, 0%
Elapsed time:        25.8s
Transferring:
 * out_%E5%B0%8F%E5%9F%8E…C%2012%20%E9%9B%86.mkv: 40% /789.179Mi, 12.244Mi/s, Transferred:   	  323.996 MiB / 789.179 MiB, 41%, 12.104 MiB/s, ETA 38s
Transferred:            0 / 1, 0%
Elapsed time:        26.3s
Transferring:
 * out_%E5%B0%8F%E5%9F%8E…C%2012%20%E9%9B%86.mkv: 41% /789.179Mi, 12.198Mi/s, Transferred:   	  328.996 MiB / 789.179 MiB, 42%, 12.104 MiB/s, ETA 38s
Transferred:            0 / 1, 0%
Elapsed time:        26.8s
Transferring:
 * out_%E5%B0%8F%E5%9F%8E…C%2012%20%E9%9B%86.mkv: 41% /789.179Mi, 12.198Mi/s, Transferred:   	  334.996 MiB / 789.179 MiB, 42%, 12.098 MiB/s, ETA 37s
Transferred:            0 / 1, 0%
Elapsed time:        27.3s
Transferring:
 * out_%E5%B0%8F%E5%9F%8E…C%2012%20%E9%9B%86.mkv: 42% /789.179Mi, 12.092Mi/s, Transferred:   	  338.996 MiB / 789.179 MiB, 43%, 12.098 MiB/s, ETA 37s
Transferred:            0 / 1, 0%
Elapsed time:        27.8s
Transferring:
 * out_%E5%B0%8F%E5%9F%8E…C%2012%20%E9%9B%86.mkv: 42% /789.179Mi, 12.092Mi/s, Transferred:   	  345.996 MiB / 789.179 MiB, 44%, 12.060 MiB/s, ETA 36s
Transferred:            0 / 1, 0%
Elapsed time:        28.3s
Transferring:
 * out_%E5%B0%8F%E5%9F%8E…C%2012%20%E9%9B%86.mkv: 43% /789.179Mi, 12.055Mi/s, Transferred:   	  351.996 MiB / 789.179 MiB, 45%, 12.060 MiB/s, ETA 36s
Transferred:            0 / 1, 0%
Elapsed time:        28.8s
Transferring:
 * out_%E5%B0%8F%E5%9F%8E…C%2012%20%E9%9B%86.mkv: 44% /789.179Mi, 12.055Mi/s, Transferred:   	  357.996 MiB / 789.179 MiB, 45%, 12.025 MiB/s, ETA 35s
Transferred:            0 / 1, 0%
Elapsed time:        29.3s
Transferring:
 * out_%E5%B0%8F%E5%9F%8E…C%2012%20%E9%9B%86.mkv: 45% /789.179Mi, 12.020Mi/s, Transferred:   	  362.996 MiB / 789.179 MiB, 46%, 12.025 MiB/s, ETA 35s
Transferred:            0 / 1, 0%
Elapsed time:        29.8s
Transferring:
 * out_%E5%B0%8F%E5%9F%8E…C%2012%20%E9%9B%86.mkv: 45% /789.179Mi, 12.020Mi/s, Transferred:   	  368.996 MiB / 789.179 MiB, 47%, 11.961 MiB/s, ETA 35s
Transferred:            0 / 1, 0%
Elapsed time:        30.3s
Transferring:
 * out_%E5%B0%8F%E5%9F%8E…C%2012%20%E9%9B%86.mkv: 46% /789.179Mi, 11.956Mi/s, Transferred:   	  373.996 MiB / 789.179 MiB, 47%, 11.961 MiB/s, ETA 34s
Transferred:            0 / 1, 0%
Elapsed time:        30.8s
Transferring:
 * out_%E5%B0%8F%E5%9F%8E…C%2012%20%E9%9B%86.mkv: 47% /789.179Mi, 11.956Mi/s, Transferred:   	  379.996 MiB / 789.179 MiB, 48%, 11.901 MiB/s, ETA 34s
Transferred:            0 / 1, 0%
Elapsed time:        31.3s
Transferring:
 * out_%E5%B0%8F%E5%9F%8E…C%2012%20%E9%9B%86.mkv: 48% /789.179Mi, 11.897Mi/s, Transferred:   	  385.996 MiB / 789.179 MiB, 49%, 11.901 MiB/s, ETA 33s
Transferred:            0 / 1, 0%
Elapsed time:        31.8s
Transferring:
 * out_%E5%B0%8F%E5%9F%8E…C%2012%20%E9%9B%86.mkv: 48% /789.179Mi, 11.897Mi/s, Transferred:   	  390.996 MiB / 789.179 MiB, 50%, 11.782 MiB/s, ETA 33s
Transferred:            0 / 1, 0%
Elapsed time:        32.3s
Transferring:
 * out_%E5%B0%8F%E5%9F%8E…C%2012%20%E9%9B%86.mkv: 49% /789.179Mi, 11.872Mi/s, Transferred:   	  396.996 MiB / 789.179 MiB, 50%, 11.782 MiB/s, ETA 33s
Transferred:            0 / 1, 0%
Elapsed time:        32.8s
Transferring:
 * out_%E5%B0%8F%E5%9F%8E…C%2012%20%E9%9B%86.mkv: 50% /789.179Mi, 11.872Mi/s, Transferred:   	  402.996 MiB / 789.179 MiB, 51%, 11.858 MiB/s, ETA 32s
Transferred:            0 / 1, 0%
Elapsed time:        33.3s
Transferring:
 * out_%E5%B0%8F%E5%9F%8E…C%2012%20%E9%9B%86.mkv: 51% /789.179Mi, 11.849Mi/s, Transferred:   	  407.996 MiB / 789.179 MiB, 52%, 11.858 MiB/s, ETA 32s
Transferred:            0 / 1, 0%
Elapsed time:        33.8s
Transferring:
 * out_%E5%B0%8F%E5%9F%8E…C%2012%20%E9%9B%86.mkv: 51% /789.179Mi, 11.849Mi/s, Transferred:   	  413.496 MiB / 789.179 MiB, 52%, 11.805 MiB/s, ETA 31s
Transferred:            0 / 1, 0%
Elapsed time:        34.3s
Transferring:
 * out_%E5%B0%8F%E5%9F%8E…C%2012%20%E9%9B%86.mkv: 52% /789.179Mi, 11.795Mi/s, Transferred:   	  418.996 MiB / 789.179 MiB, 53%, 11.805 MiB/s, ETA 31s
Transferred:            0 / 1, 0%
Elapsed time:        34.8s
Transferring:
 * out_%E5%B0%8F%E5%9F%8E…C%2012%20%E9%9B%86.mkv: 53% /789.179Mi, 11.795Mi/s, Transferred:   	  424.496 MiB / 789.179 MiB, 54%, 11.754 MiB/s, ETA 31s
Transferred:            0 / 1, 0%
Elapsed time:        35.3s
Transferring:
 * out_%E5%B0%8F%E5%9F%8E…C%2012%20%E9%9B%86.mkv: 53% /789.179Mi, 11.746Mi/s, Transferred:   	  429.996 MiB / 789.179 MiB, 54%, 11.754 MiB/s, ETA 30s
Transferred:            0 / 1, 0%
Elapsed time:        35.8s
Transferring:
 * out_%E5%B0%8F%E5%9F%8E…C%2012%20%E9%9B%86.mkv: 54% /789.179Mi, 11.746Mi/s, Transferred:   	  434.996 MiB / 789.179 MiB, 55%, 11.707 MiB/s, ETA 30s
Transferred:            0 / 1, 0%
Elapsed time:        36.3s
Transferring:
 * out_%E5%B0%8F%E5%9F%8E…C%2012%20%E9%9B%86.mkv: 55% /789.179Mi, 11.699Mi/s, Transferred:   	  441.996 MiB / 789.179 MiB, 56%, 11.707 MiB/s, ETA 29s
Transferred:            0 / 1, 0%
Elapsed time:        36.8s
Transferring:
 * out_%E5%B0%8F%E5%9F%8E…C%2012%20%E9%9B%86.mkv: 56% /789.179Mi, 11.699Mi/s, Transferred:   	  446.996 MiB / 789.179 MiB, 57%, 11.694 MiB/s, ETA 29s
Transferred:            0 / 1, 0%
Elapsed time:        37.3s
Transferring:
 * out_%E5%B0%8F%E5%9F%8E…C%2012%20%E9%9B%86.mkv: 56% /789.179Mi, 11.687Mi/s, Transferred:   	  452.996 MiB / 789.179 MiB, 57%, 11.694 MiB/s, ETA 28s
Transferred:            0 / 1, 0%
Elapsed time:        37.8s
Transferring:
 * out_%E5%B0%8F%E5%9F%8E…C%2012%20%E9%9B%86.mkv: 57% /789.179Mi, 11.687Mi/s, Transferred:   	  457.996 MiB / 789.179 MiB, 58%, 11.651 MiB/s, ETA 28s
Transferred:            0 / 1, 0%
Elapsed time:        38.3s
Transferring:
 * out_%E5%B0%8F%E5%9F%8E…C%2012%20%E9%9B%86.mkv: 58% /789.179Mi, 11.644Mi/s, Transferred:   	  463.996 MiB / 789.179 MiB, 59%, 11.651 MiB/s, ETA 27s
Transferred:            0 / 1, 0%
Elapsed time:        38.8s
Transferring:
 * out_%E5%B0%8F%E5%9F%8E…C%2012%20%E9%9B%86.mkv: 58% /789.179Mi, 11.644Mi/s, Transferred:   	  469.996 MiB / 789.179 MiB, 60%, 11.642 MiB/s, ETA 27s
Transferred:            0 / 1, 0%
Elapsed time:        39.3s
Transferring:
 * out_%E5%B0%8F%E5%9F%8E…C%2012%20%E9%9B%86.mkv: 59% /789.179Mi, 11.635Mi/s, Transferred:   	  473.996 MiB / 789.179 MiB, 60%, 11.642 MiB/s, ETA 27s
Transferred:            0 / 1, 0%
Elapsed time:        39.8s
Transferring:
 * out_%E5%B0%8F%E5%9F%8E…C%2012%20%E9%9B%86.mkv: 60% /789.179Mi, 11.635Mi/s, Transferred:   	  480.996 MiB / 789.179 MiB, 61%, 11.539 MiB/s, ETA 26s
Transferred:            0 / 1, 0%
Elapsed time:        40.3s
Transferring:
 * out_%E5%B0%8F%E5%9F%8E…C%2012%20%E9%9B%86.mkv: 60% /789.179Mi, 11.533Mi/s, Transferred:   	  485.996 MiB / 789.179 MiB, 62%, 11.539 MiB/s, ETA 26s
Transferred:            0 / 1, 0%
Elapsed time:        40.8s
Transferring:
 * out_%E5%B0%8F%E5%9F%8E…C%2012%20%E9%9B%86.mkv: 61% /789.179Mi, 11.533Mi/s, Transferred:   	  492.496 MiB / 789.179 MiB, 62%, 11.568 MiB/s, ETA 25s
Transferred:            0 / 1, 0%
Elapsed time:        41.3s
Transferring:
 * out_%E5%B0%8F%E5%9F%8E…C%2012%20%E9%9B%86.mkv: 62% /789.179Mi, 11.562Mi/s, Transferred:   	  497.996 MiB / 789.179 MiB, 63%, 11.568 MiB/s, ETA 25s
Transferred:            0 / 1, 0%
Elapsed time:        41.8s
Transferring:
 * out_%E5%B0%8F%E5%9F%8E…C%2012%20%E9%9B%86.mkv: 63% /789.179Mi, 11.562Mi/s, Transferred:   	  503.996 MiB / 789.179 MiB, 64%, 11.532 MiB/s, ETA 24s
Transferred:            0 / 1, 0%
Elapsed time:        42.3s
Transferring:
 * out_%E5%B0%8F%E5%9F%8E…C%2012%20%E9%9B%86.mkv: 63% /789.179Mi, 11.527Mi/s, Transferred:   	  508.496 MiB / 789.179 MiB, 64%, 11.532 MiB/s, ETA 24s
Transferred:            0 / 1, 0%
Elapsed time:        42.8s
Transferring:
 * out_%E5%B0%8F%E5%9F%8E…C%2012%20%E9%9B%86.mkv: 64% /789.179Mi, 11.527Mi/s, Transferred:   	  514.996 MiB / 789.179 MiB, 65%, 11.499 MiB/s, ETA 23s
Transferred:            0 / 1, 0%
Elapsed time:        43.3s
Transferring:
 * out_%E5%B0%8F%E5%9F%8E…C%2012%20%E9%9B%86.mkv: 65% /789.179Mi, 11.619Mi/s, Transferred:   	  519.996 MiB / 789.179 MiB, 66%, 11.499 MiB/s, ETA 23s
Transferred:            0 / 1, 0%
Elapsed time:        43.8s
Transferring:
 * out_%E5%B0%8F%E5%9F%8E…C%2012%20%E9%9B%86.mkv: 65% /789.179Mi, 11.619Mi/s, Transferred:   	  524.996 MiB / 789.179 MiB, 67%, 11.405 MiB/s, ETA 23s
Transferred:            0 / 1, 0%
Elapsed time:        44.3s
Transferring:
 * out_%E5%B0%8F%E5%9F%8E…C%2012%20%E9%9B%86.mkv: 66% /789.179Mi, 11.424Mi/s, Transferred:   	  530.496 MiB / 789.179 MiB, 67%, 11.405 MiB/s, ETA 22s
Transferred:            0 / 1, 0%
Elapsed time:        44.8s
Transferring:
 * out_%E5%B0%8F%E5%9F%8E…C%2012%20%E9%9B%86.mkv: 67% /789.179Mi, 11.424Mi/s, Transferred:   	  537.496 MiB / 789.179 MiB, 68%, 11.442 MiB/s, ETA 21s
Transferred:            0 / 1, 0%
Elapsed time:        45.3s
Transferring:
 * out_%E5%B0%8F%E5%9F%8E…C%2012%20%E9%9B%86.mkv: 68% /789.179Mi, 11.554Mi/s, Transferred:   	  542.996 MiB / 789.179 MiB, 69%, 11.442 MiB/s, ETA 21s
Transferred:            0 / 1, 0%
Elapsed time:        45.8s
Transferring:
 * out_%E5%B0%8F%E5%9F%8E…C%2012%20%E9%9B%86.mkv: 68% /789.179Mi, 11.554Mi/s, Transferred:   	  548.496 MiB / 789.179 MiB, 70%, 11.415 MiB/s, ETA 21s
Transferred:            0 / 1, 0%
Elapsed time:        46.3s
Transferring:
 * out_%E5%B0%8F%E5%9F%8E…C%2012%20%E9%9B%86.mkv: 69% /789.179Mi, 11.519Mi/s, Transferred:   	  553.996 MiB / 789.179 MiB, 70%, 11.415 MiB/s, ETA 20s
Transferred:            0 / 1, 0%
Elapsed time:        46.8s
Transferring:
 * out_%E5%B0%8F%E5%9F%8E…C%2012%20%E9%9B%86.mkv: 70% /789.179Mi, 11.519Mi/s, Transferred:   	  559.496 MiB / 789.179 MiB, 71%, 11.514 MiB/s, ETA 19s
Transferred:            0 / 1, 0%
Elapsed time:        47.3s
Transferring:
 * out_%E5%B0%8F%E5%9F%8E…C%2012%20%E9%9B%86.mkv: 70% /789.179Mi, 11.487Mi/s, Transferred:   	  563.996 MiB / 789.179 MiB, 71%, 11.514 MiB/s, ETA 19s
Transferred:            0 / 1, 0%
Elapsed time:        47.8s
Transferring:
 * out_%E5%B0%8F%E5%9F%8E…C%2012%20%E9%9B%86.mkv: 71% /789.179Mi, 11.487Mi/s, Transferred:   	  568.996 MiB / 789.179 MiB, 72%, 11.419 MiB/s, ETA 19s
Transferred:            0 / 1, 0%
Elapsed time:        48.3s
Transferring:
 * out_%E5%B0%8F%E5%9F%8E…C%2012%20%E9%9B%86.mkv: 72% /789.179Mi, 11.394Mi/s, Transferred:   	  575.996 MiB / 789.179 MiB, 73%, 11.419 MiB/s, ETA 18s
Transferred:            0 / 1, 0%
Elapsed time:        48.8s
Transferring:
 * out_%E5%B0%8F%E5%9F%8E…C%2012%20%E9%9B%86.mkv: 72% /789.179Mi, 11.394Mi/s, Transferred:   	  582.996 MiB / 789.179 MiB, 74%, 11.424 MiB/s, ETA 18s
Transferred:            0 / 1, 0%
Elapsed time:        49.3s
Transferring:
 * out_%E5%B0%8F%E5%9F%8E…C%2012%20%E9%9B%86.mkv: 73% /789.179Mi, 11.400Mi/s, Transferred:   	  587.996 MiB / 789.179 MiB, 75%, 11.424 MiB/s, ETA 17s
Transferred:            0 / 1, 0%
Elapsed time:        49.8s
Transferring:
 * out_%E5%B0%8F%E5%9F%8E…C%2012%20%E9%9B%86.mkv: 74% /789.179Mi, 11.400Mi/s, Transferred:   	  593.496 MiB / 789.179 MiB, 75%, 11.460 MiB/s, ETA 17s
Transferred:            0 / 1, 0%
Elapsed time:        50.3s
Transferring:
 * out_%E5%B0%8F%E5%9F%8E…C%2012%20%E9%9B%86.mkv: 75% /789.179Mi, 11.438Mi/s, Transferred:   	  598.496 MiB / 789.179 MiB, 76%, 11.460 MiB/s, ETA 16s
Transferred:            0 / 1, 0%
Elapsed time:        50.8s
Transferring:
 * out_%E5%B0%8F%E5%9F%8E…C%2012%20%E9%9B%86.mkv: 75% /789.179Mi, 11.438Mi/s, Transferred:   	  604.496 MiB / 789.179 MiB, 77%, 11.400 MiB/s, ETA 16s
Transferred:            0 / 1, 0%
Elapsed time:        51.3s
Transferring:
 * out_%E5%B0%8F%E5%9F%8E…C%2012%20%E9%9B%86.mkv: 76% /789.179Mi, 11.473Mi/s, Transferred:   	  609.496 MiB / 789.179 MiB, 77%, 11.400 MiB/s, ETA 15s
Transferred:            0 / 1, 0%
Elapsed time:        51.8s
Transferring:
 * out_%E5%B0%8F%E5%9F%8E…C%2012%20%E9%9B%86.mkv: 77% /789.179Mi, 11.473Mi/s, Transferred:   	  613.996 MiB / 789.179 MiB, 78%, 11.375 MiB/s, ETA 15s
Transferred:            0 / 1, 0%
Elapsed time:        52.3s
Transferring:
 * out_%E5%B0%8F%E5%9F%8E…C%2012%20%E9%9B%86.mkv: 77% /789.179Mi, 11.381Mi/s, Transferred:   	  620.996 MiB / 789.179 MiB, 79%, 11.375 MiB/s, ETA 14s
Transferred:            0 / 1, 0%
Elapsed time:        52.8s
Transferring:
 * out_%E5%B0%8F%E5%9F%8E…C%2012%20%E9%9B%86.mkv: 78% /789.179Mi, 11.381Mi/s, Transferred:   	  626.496 MiB / 789.179 MiB, 79%, 11.383 MiB/s, ETA 14s
Transferred:            0 / 1, 0%
Elapsed time:        53.3s
Transferring:
 * out_%E5%B0%8F%E5%9F%8E…C%2012%20%E9%9B%86.mkv: 79% /789.179Mi, 11.357Mi/s, Transferred:   	  632.496 MiB / 789.179 MiB, 80%, 11.383 MiB/s, ETA 13s
Transferred:            0 / 1, 0%
Elapsed time:        53.8s
Transferring:
 * out_%E5%B0%8F%E5%9F%8E…C%2012%20%E9%9B%86.mkv: 80% /789.179Mi, 11.357Mi/s, Transferred:   	  637.496 MiB / 789.179 MiB, 81%, 11.422 MiB/s, ETA 13s
Transferred:            0 / 1, 0%
Elapsed time:        54.3s
Transferring:
 * out_%E5%B0%8F%E5%9F%8E…C%2012%20%E9%9B%86.mkv: 80% /789.179Mi, 11.397Mi/s, Transferred:   	  642.996 MiB / 789.179 MiB, 81%, 11.422 MiB/s, ETA 12s
Transferred:            0 / 1, 0%
Elapsed time:        54.8s
Transferring:
 * out_%E5%B0%8F%E5%9F%8E…C%2012%20%E9%9B%86.mkv: 81% /789.179Mi, 11.397Mi/s, Transferred:   	  648.996 MiB / 789.179 MiB, 82%, 11.333 MiB/s, ETA 12s
Transferred:            0 / 1, 0%
Elapsed time:        55.3s
Transferring:
 * out_%E5%B0%8F%E5%9F%8E…C%2012%20%E9%9B%86.mkv: 82% /789.179Mi, 11.310Mi/s, Transferred:   	  654.496 MiB / 789.179 MiB, 83%, 11.333 MiB/s, ETA 11s
Transferred:            0 / 1, 0%
Elapsed time:        55.8s
Transferring:
 * out_%E5%B0%8F%E5%9F%8E…C%2012%20%E9%9B%86.mkv: 82% /789.179Mi, 11.310Mi/s, Transferred:   	  660.496 MiB / 789.179 MiB, 84%, 11.374 MiB/s, ETA 11s
Transferred:            0 / 1, 0%
Elapsed time:        56.3s
Transferring:
 * out_%E5%B0%8F%E5%9F%8E…C%2012%20%E9%9B%86.mkv: 83% /789.179Mi, 11.353Mi/s, Transferred:   	  664.496 MiB / 789.179 MiB, 84%, 11.374 MiB/s, ETA 10s
Transferred:            0 / 1, 0%
Elapsed time:        56.8s
Transferring:
 * out_%E5%B0%8F%E5%9F%8E…C%2012%20%E9%9B%86.mkv: 84% /789.179Mi, 11.353Mi/s, Transferred:   	  672.496 MiB / 789.179 MiB, 85%, 11.289 MiB/s, ETA 10s
Transferred:            0 / 1, 0%
Elapsed time:        57.3s
Transferring:
 * out_%E5%B0%8F%E5%9F%8E…C%2012%20%E9%9B%86.mkv: 85% /789.179Mi, 11.331Mi/s, Transferred:   	  678.496 MiB / 789.179 MiB, 86%, 11.289 MiB/s, ETA 9s
Transferred:            0 / 1, 0%
Elapsed time:        57.8s
Transferring:
 * out_%E5%B0%8F%E5%9F%8E…C%2012%20%E9%9B%86.mkv: 85% /789.179Mi, 11.331Mi/s, Transferred:   	  682.496 MiB / 789.179 MiB, 86%, 11.333 MiB/s, ETA 9s
Transferred:            0 / 1, 0%
Elapsed time:        58.3s
Transferring:
 * out_%E5%B0%8F%E5%9F%8E…C%2012%20%E9%9B%86.mkv: 86% /789.179Mi, 11.310Mi/s, Transferred:   	  689.496 MiB / 789.179 MiB, 87%, 11.333 MiB/s, ETA 8s
Transferred:            0 / 1, 0%
Elapsed time:        58.8s
Transferring:
 * out_%E5%B0%8F%E5%9F%8E…C%2012%20%E9%9B%86.mkv: 87% /789.179Mi, 11.310Mi/s, Transferred:   	  693.996 MiB / 789.179 MiB, 88%, 11.312 MiB/s, ETA 8s
Transferred:            0 / 1, 0%
Elapsed time:        59.3s
Transferring:
 * out_%E5%B0%8F%E5%9F%8E…C%2012%20%E9%9B%86.mkv: 88% /789.179Mi, 11.291Mi/s, Transferred:   	  699.496 MiB / 789.179 MiB, 89%, 11.312 MiB/s, ETA 7s
Transferred:            0 / 1, 0%
Elapsed time:        59.8s
Transferring:
 * out_%E5%B0%8F%E5%9F%8E…C%2012%20%E9%9B%86.mkv: 88% /789.179Mi, 11.291Mi/s, Transferred:   	  704.496 MiB / 789.179 MiB, 89%, 11.355 MiB/s, ETA 7s
Transferred:            0 / 1, 0%
Elapsed time:       1m0.3s
Transferring:
 * out_%E5%B0%8F%E5%9F%8E…C%2012%20%E9%9B%86.mkv: 89% /789.179Mi, 11.335Mi/s, Transferred:   	  709.996 MiB / 789.179 MiB, 90%, 11.355 MiB/s, ETA 6s
Transferred:            0 / 1, 0%
Elapsed time:       1m0.8s
Transferring:
 * out_%E5%B0%8F%E5%9F%8E…C%2012%20%E9%9B%86.mkv: 89% /789.179Mi, 11.335Mi/s, Transferred:   	  716.996 MiB / 789.179 MiB, 91%, 11.271 MiB/s, ETA 6s
Transferred:            0 / 1, 0%
Elapsed time:       1m1.3s
Transferring:
 * out_%E5%B0%8F%E5%9F%8E…C%2012%20%E9%9B%86.mkv: 90% /789.179Mi, 11.252Mi/s, Transferred:   	  722.496 MiB / 789.179 MiB, 92%, 11.271 MiB/s, ETA 5s
Transferred:            0 / 1, 0%
Elapsed time:       1m1.8s
Transferring:
 * out_%E5%B0%8F%E5%9F%8E…C%2012%20%E9%9B%86.mkv: 91% /789.179Mi, 11.252Mi/s, Transferred:   	  727.496 MiB / 789.179 MiB, 92%, 11.347 MiB/s, ETA 5s
Transferred:            0 / 1, 0%
Elapsed time:       1m2.3s
Transferring:
 * out_%E5%B0%8F%E5%9F%8E…C%2012%20%E9%9B%86.mkv: 92% /789.179Mi, 11.330Mi/s, Transferred:   	  733.496 MiB / 789.179 MiB, 93%, 11.347 MiB/s, ETA 4s
Transferred:            0 / 1, 0%
Elapsed time:       1m2.8s
Transferring:
 * out_%E5%B0%8F%E5%9F%8E…C%2012%20%E9%9B%86.mkv: 92% /789.179Mi, 11.330Mi/s, Transferred:   	  738.996 MiB / 789.179 MiB, 94%, 11.357 MiB/s, ETA 4s
Transferred:            0 / 1, 0%
Elapsed time:       1m3.3s
Transferring:
 * out_%E5%B0%8F%E5%9F%8E…C%2012%20%E9%9B%86.mkv: 93% /789.179Mi, 11.340Mi/s, Transferred:   	  745.496 MiB / 789.179 MiB, 94%, 11.357 MiB/s, ETA 3s
Transferred:            0 / 1, 0%
Elapsed time:       1m3.8s
Transferring:
 * out_%E5%B0%8F%E5%9F%8E…C%2012%20%E9%9B%86.mkv: 94% /789.179Mi, 11.340Mi/s, Transferred:   	  750.496 MiB / 789.179 MiB, 95%, 11.335 MiB/s, ETA 3s
Transferred:            0 / 1, 0%
Elapsed time:       1m4.3s
Transferring:
 * out_%E5%B0%8F%E5%9F%8E…C%2012%20%E9%9B%86.mkv: 95% /789.179Mi, 11.319Mi/s, Transferred:   	  755.496 MiB / 789.179 MiB, 96%, 11.335 MiB/s, ETA 2s
Transferred:            0 / 1, 0%
Elapsed time:       1m4.8s
Transferring:
 * out_%E5%B0%8F%E5%9F%8E…C%2012%20%E9%9B%86.mkv: 95% /789.179Mi, 11.319Mi/s, Transferred:   	  761.496 MiB / 789.179 MiB, 96%, 11.314 MiB/s, ETA 2s
Transferred:            0 / 1, 0%
Elapsed time:       1m5.3s
Transferring:
 * out_%E5%B0%8F%E5%9F%8E…C%2012%20%E9%9B%86.mkv: 96% /789.179Mi, 11.299Mi/s, Transferred:   	  767.496 MiB / 789.179 MiB, 97%, 11.314 MiB/s, ETA 1s
Transferred:            0 / 1, 0%
Elapsed time:       1m5.8s
Transferring:
 * out_%E5%B0%8F%E5%9F%8E…C%2012%20%E9%9B%86.mkv: 97% /789.179Mi, 11.299Mi/s, Transferred:   	  772.496 MiB / 789.179 MiB, 98%, 11.325 MiB/s, ETA 1s
Transferred:            0 / 1, 0%
Elapsed time:       1m6.3s
Transferring:
 * out_%E5%B0%8F%E5%9F%8E…C%2012%20%E9%9B%86.mkv: 97% /789.179Mi, 11.312Mi/s, Transferred:   	  777.496 MiB / 789.179 MiB, 99%, 11.325 MiB/s, ETA 1s
Transferred:            0 / 1, 0%
Elapsed time:       1m6.8s
Transferring:
 * out_%E5%B0%8F%E5%9F%8E…C%2012%20%E9%9B%86.mkv: 98% /789.179Mi, 11.312Mi/s, Transferred:   	  783.996 MiB / 789.179 MiB, 99%, 11.274 MiB/s, ETA 0s
Transferred:            0 / 1, 0%
Elapsed time:       1m7.3s
Transferring:
 * out_%E5%B0%8F%E5%9F%8E…C%2012%20%E9%9B%86.mkv: 99% /789.179Mi, 11.261Mi/s, Transferred:   	  789.179 MiB / 789.179 MiB, 100%, 11.274 MiB/s, ETA 0s
Transferred:            0 / 1, 0%
Elapsed time:       1m7.8s
Transferring:
 * out_%E5%B0%8F%E5%9F%8E…C%2012%20%E9%9B%86.mkv:100% /789.179Mi, 11.261Mi/s, Transferred:   	  789.179 MiB / 789.179 MiB, 100%, 11.174 MiB/s, ETA 0s
Transferred:            0 / 1, 0%
Elapsed time:       1m8.3s
Transferring:
 * out_%E5%B0%8F%E5%9F%8E…C%2012%20%E9%9B%86.mkv:100% /789.179Mi, 11.162Mi/s, Transferred:   	  789.179 MiB / 789.179 MiB, 100%, 11.174 MiB/s, ETA 0s
Transferred:            0 / 1, 0%
Elapsed time:       1m8.8s
Transferring:
 * out_%E5%B0%8F%E5%9F%8E…C%2012%20%E9%9B%86.mkv:100% /789.179Mi, 11.162Mi/s, Transferred:   	  789.179 MiB / 789.179 MiB, 100%, 10.476 MiB/s, ETA 0s
Transferred:            0 / 1, 0%
Elapsed time:       1m9.3s
Transferring:
 * out_%E5%B0%8F%E5%9F%8E…C%2012%20%E9%9B%86.mkv:100% /789.179Mi, 10.465Mi/s, Transferred:   	  789.179 MiB / 789.179 MiB, 100%, 10.476 MiB/s, ETA 0s
Transferred:            0 / 1, 0%
Elapsed time:       1m9.8s
Transferring:
 * out_%E5%B0%8F%E5%9F%8E…C%2012%20%E9%9B%86.mkv:100% /789.179Mi, 10.465Mi/s, Transferred:   	  789.179 MiB / 789.179 MiB, 100%, 9.821 MiB/s, ETA 0s
Transferred:            0 / 1, 0%
Elapsed time:      1m10.3s
Transferring:
 * out_%E5%B0%8F%E5%9F%8E…C%2012%20%E9%9B%86.mkv:100% /789.179Mi, 9.811Mi/s, 0Transferred:   	  789.179 MiB / 789.179 MiB, 100%, 9.821 MiB/s, ETA 0s
Transferred:            0 / 1, 0%
Elapsed time:      1m10.8s
Transferring:
 * out_%E5%B0%8F%E5%9F%8E…C%2012%20%E9%9B%86.mkv:100% /789.179Mi, 9.811Mi/s, 0Transferred:   	  789.179 MiB / 789.179 MiB, 100%, 9.207 MiB/s, ETA 0s
Transferred:            0 / 1, 0%
Elapsed time:      1m11.3s
Transferring:
 * out_%E5%B0%8F%E5%9F%8E…C%2012%20%E9%9B%86.mkv:100% /789.179Mi, 9.198Mi/s, 0Transferred:   	  789.179 MiB / 789.179 MiB, 100%, 9.207 MiB/s, ETA 0s
Transferred:            0 / 1, 0%
Elapsed time:      1m11.8s
Transferring:
 * out_%E5%B0%8F%E5%9F%8E…C%2012%20%E9%9B%86.mkv:100% /789.179Mi, 9.198Mi/s, 0Transferred:   	  789.179 MiB / 789.179 MiB, 100%, 8.632 MiB/s, ETA 0s
Transferred:            0 / 1, 0%
Elapsed time:      1m12.3s
Transferring:
 * out_%E5%B0%8F%E5%9F%8E…C%2012%20%E9%9B%86.mkv:100% /789.179Mi, 8.623Mi/s, 0Transferred:   	  789.179 MiB / 789.179 MiB, 100%, 8.632 MiB/s, ETA 0s
Transferred:            1 / 1, 100%
Elapsed time:      1m12.8s
Transferred:   	          0 B / 0 B, -, 0 B/s, ETA -
Elapsed time:         0.0s
Transferred:   	   16.996 MiB / 789.179 MiB, 2%, 0 B/s, ETA -
Transferred:            0 / 1, 0%
Elapsed time:         0.3s
Transferring:
 * out_%E5%B0%8F%E5%9F%8E…C%2012%20%E9%9B%86.mkv:  2% /789.179Mi, 0/s, -Transferred:   	   29.496 MiB / 789.179 MiB, 4%, 0 B/s, ETA -
Transferred:            0 / 1, 0%
Elapsed time:         0.8s
Transferring:
 * out_%E5%B0%8F%E5%9F%8E…C%2012%20%E9%9B%86.mkv:  3% /789.179Mi, 0/s, -Transferred:   	   41.996 MiB / 789.179 MiB, 5%, 33.493 MiB/s, ETA 22s
Transferred:            0 / 1, 0%
Elapsed time:         1.3s
Transferring:
 * out_%E5%B0%8F%E5%9F%8E…C%2012%20%E9%9B%86.mkv:  5% /789.179Mi, 35.994Mi/s, Transferred:   	   49.496 MiB / 789.179 MiB, 6%, 33.493 MiB/s, ETA 22s
Transferred:            0 / 1, 0%
Elapsed time:         1.8s
Transferring:
 * out_%E5%B0%8F%E5%9F%8E…C%2012%20%E9%9B%86.mkv:  6% /789.179Mi, 35.994Mi/s, Transferred:   	   53.996 MiB / 789.179 MiB, 7%, 24.747 MiB/s, ETA 29s
Transferred:            0 / 1, 0%
Elapsed time:         2.3s
Transferring:
 * out_%E5%B0%8F%E5%9F%8E…C%2012%20%E9%9B%86.mkv:  6% /789.179Mi, 25.497Mi/s, Transferred:   	   58.496 MiB / 789.179 MiB, 7%, 24.747 MiB/s, ETA 29s
Transferred:            0 / 1, 0%
Elapsed time:         2.8s
Transferring:
 * out_%E5%B0%8F%E5%9F%8E…C%2012%20%E9%9B%86.mkv:  7% /789.179Mi, 25.497Mi/s, Transferred:   	   65.496 MiB / 789.179 MiB, 8%, 20.164 MiB/s, ETA 35s
Transferred:            0 / 1, 0%
Elapsed time:         3.3s
Transferring:
 * out_%E5%B0%8F%E5%9F%8E…C%2012%20%E9%9B%86.mkv:  8% /789.179Mi, 20.165Mi/s, Transferred:   	   71.496 MiB / 789.179 MiB, 9%, 20.164 MiB/s, ETA 35s
Transferred:            0 / 1, 0%
Elapsed time:         3.8s
Transferring:
 * out_%E5%B0%8F%E5%9F%8E…C%2012%20%E9%9B%86.mkv:  9% /789.179Mi, 20.165Mi/s, Transferred:   	   76.996 MiB / 789.179 MiB, 10%, 17.873 MiB/s, ETA 39s
Transferred:            0 / 1, 0%
Elapsed time:         4.3s
Transferring:
 * out_%E5%B0%8F%E5%9F%8E…C%2012%20%E9%9B%86.mkv:  9% /789.179Mi, 18.374Mi/s, Transferred:   	   81.996 MiB / 789.179 MiB, 10%, 17.873 MiB/s, ETA 39s
Transferred:            0 / 1, 0%
Elapsed time:         4.8s
Transferring:
 * out_%E5%B0%8F%E5%9F%8E…C%2012%20%E9%9B%86.mkv: 10% /789.179Mi, 18.374Mi/s, Transferred:   	   86.496 MiB / 789.179 MiB, 11%, 16.699 MiB/s, ETA 42s
Transferred:            0 / 1, 0%
Elapsed time:         5.3s
Transferring:
 * out_%E5%B0%8F%E5%9F%8E…C%2012%20%E9%9B%86.mkv: 10% /789.179Mi, 16.699Mi/s, Transferred:   	   92.996 MiB / 789.179 MiB, 12%, 16.699 MiB/s, ETA 41s
Transferred:            0 / 1, 0%
Elapsed time:         5.8s
Transferring:
 * out_%E5%B0%8F%E5%9F%8E…C%2012%20%E9%9B%86.mkv: 11% /789.179Mi, 16.699Mi/s, Transferred:   	   98.496 MiB / 789.179 MiB, 12%, 15.749 MiB/s, ETA 43s
Transferred:            0 / 1, 0%
Elapsed time:         6.3s
Transferring:
 * out_%E5%B0%8F%E5%9F%8E…C%2012%20%E9%9B%86.mkv: 12% /789.179Mi, 15.749Mi/s, Transferred:   	  104.496 MiB / 789.179 MiB, 13%, 15.749 MiB/s, ETA 43s
Transferred:            0 / 1, 0%
Elapsed time:         6.8s
Transferring:
 * out_%E5%B0%8F%E5%9F%8E…C%2012%20%E9%9B%86.mkv: 13% /789.179Mi, 15.749Mi/s, Transferred:   	  109.996 MiB / 789.179 MiB, 14%, 15.213 MiB/s, ETA 44s
Transferred:            0 / 1, 0%
Elapsed time:         7.3s
Transferring:
 * out_%E5%B0%8F%E5%9F%8E…C%2012%20%E9%9B%86.mkv: 13% /789.179Mi, 15.213Mi/s, Transferred:   	  115.496 MiB / 789.179 MiB, 15%, 15.213 MiB/s, ETA 44s
Transferred:            0 / 1, 0%
Elapsed time:         7.8s
Transferring:
 * out_%E5%B0%8F%E5%9F%8E…C%2012%20%E9%9B%86.mkv: 14% /789.179Mi, 15.213Mi/s, Transferred:   	  120.996 MiB / 789.179 MiB, 15%, 14.437 MiB/s, ETA 46s
Transferred:            0 / 1, 0%
Elapsed time:         8.3s
Transferring:
 * out_%E5%B0%8F%E5%9F%8E…C%2012%20%E9%9B%86.mkv: 15% /789.179Mi, 14.687Mi/s, Transferred:   	  126.496 MiB / 789.179 MiB, 16%, 14.437 MiB/s, ETA 45s
Transferred:            0 / 1, 0%
Elapsed time:         8.8s
Transferring:
 * out_%E5%B0%8F%E5%9F%8E…C%2012%20%E9%9B%86.mkv: 16% /789.179Mi, 14.687Mi/s, Transferred:   	  131.996 MiB / 789.179 MiB, 17%, 14.277 MiB/s, ETA 46s
Transferred:            0 / 1, 0%
Elapsed time:         9.3s
Transferring:
 * out_%E5%B0%8F%E5%9F%8E…C%2012%20%E9%9B%86.mkv: 16% /789.179Mi, 14.277Mi/s, Transferred:   	  137.496 MiB / 789.179 MiB, 17%, 14.277 MiB/s, ETA 45s
Transferred:            0 / 1, 0%
Elapsed time:         9.8s
Transferring:
 * out_%E5%B0%8F%E5%9F%8E…C%2012%20%E9%9B%86.mkv: 17% /789.179Mi, 14.277Mi/s, Transferred:   	  143.496 MiB / 789.179 MiB, 18%, 13.949 MiB/s, ETA 46s
Transferred:            0 / 1, 0%
Elapsed time:        10.3s
Transferring:
 * out_%E5%B0%8F%E5%9F%8E…C%2012%20%E9%9B%86.mkv: 18% /789.179Mi, 13.949Mi/s, Transferred:   	  147.496 MiB / 789.179 MiB, 19%, 13.949 MiB/s, ETA 46s
Transferred:            0 / 1, 0%
Elapsed time:        10.8s
Transferring:
 * out_%E5%B0%8F%E5%9F%8E…C%2012%20%E9%9B%86.mkv: 18% /789.179Mi, 13.949Mi/s, Transferred:   	  153.496 MiB / 789.179 MiB, 19%, 13.590 MiB/s, ETA 46s
Transferred:            0 / 1, 0%
Elapsed time:        11.3s
Transferring:
 * out_%E5%B0%8F%E5%9F%8E…C%2012%20%E9%9B%86.mkv: 19% /789.179Mi, 13.590Mi/s, Transferred:   	  158.496 MiB / 789.179 MiB, 20%, 13.590 MiB/s, ETA 46s
Transferred:            0 / 1, 0%
Elapsed time:        11.8s
Transferring:
 * out_%E5%B0%8F%E5%9F%8E…C%2012%20%E9%9B%86.mkv: 20% /789.179Mi, 13.590Mi/s, Transferred:   	  165.996 MiB / 789.179 MiB, 21%, 13.374 MiB/s, ETA 46s
Transferred:            0 / 1, 0%
Elapsed time:        12.3s
Transferring:
 * out_%E5%B0%8F%E5%9F%8E…C%2012%20%E9%9B%86.mkv: 21% /789.179Mi, 13.375Mi/s, Transferred:   	  171.496 MiB / 789.179 MiB, 22%, 13.374 MiB/s, ETA 46s
Transferred:            0 / 1, 0%
Elapsed time:        12.8s
Transferring:
 * out_%E5%B0%8F%E5%9F%8E…C%2012%20%E9%9B%86.mkv: 21% /789.179Mi, 13.375Mi/s, Transferred:   	  176.996 MiB / 789.179 MiB, 22%, 13.346 MiB/s, ETA 45s
Transferred:            0 / 1, 0%
Elapsed time:        13.3s
Transferring:
 * out_%E5%B0%8F%E5%9F%8E…C%2012%20%E9%9B%86.mkv: 22% /789.179Mi, 13.346Mi/s, Transferred:   	  183.496 MiB / 789.179 MiB, 23%, 13.346 MiB/s, ETA 45s
Transferred:            0 / 1, 0%
Elapsed time:        13.8s
Transferring:
 * out_%E5%B0%8F%E5%9F%8E…C%2012%20%E9%9B%86.mkv: 23% /789.179Mi, 13.346Mi/s, Transferred:   	  187.996 MiB / 789.179 MiB, 24%, 13.214 MiB/s, ETA 45s
Transferred:            0 / 1, 0%
Elapsed time:        14.3s
Transferring:
 * out_%E5%B0%8F%E5%9F%8E…C%2012%20%E9%9B%86.mkv: 23% /789.179Mi, 13.214Mi/s, Transferred:   	  193.496 MiB / 789.179 MiB, 25%, 13.214 MiB/s, ETA 45s
Transferred:            0 / 1, 0%
Elapsed time:        14.8s
Transferring:
 * out_%E5%B0%8F%E5%9F%8E…C%2012%20%E9%9B%86.mkv: 24% /789.179Mi, 13.214Mi/s, Transferred:   	  199.496 MiB / 789.179 MiB, 25%, 13.033 MiB/s, ETA 45s
Transferred:            0 / 1, 0%
Elapsed time:        15.3s
Transferring:
 * out_%E5%B0%8F%E5%9F%8E…C%2012%20%E9%9B%86.mkv: 25% /789.179Mi, 13.033Mi/s, Transferred:   	  204.496 MiB / 789.179 MiB, 26%, 13.033 MiB/s, ETA 44s
Transferred:            0 / 1, 0%
Elapsed time:        15.8s
Transferring:
 * out_%E5%B0%8F%E5%9F%8E…C%2012%20%E9%9B%86.mkv: 25% /789.179Mi, 13.033Mi/s, Transferred:   	  209.496 MiB / 789.179 MiB, 27%, 12.906 MiB/s, ETA 44s
Transferred:            0 / 1, 0%
Elapsed time:        16.3s
Transferring:
 * out_%E5%B0%8F%E5%9F%8E…C%2012%20%E9%9B%86.mkv: 26% /789.179Mi, 12.906Mi/s, Transferred:   	  214.996 MiB / 789.179 MiB, 27%, 12.906 MiB/s, ETA 44s
Transferred:            0 / 1, 0%
Elapsed time:        16.8s
Transferring:
 * out_%E5%B0%8F%E5%9F%8E…C%2012%20%E9%9B%86.mkv: 27% /789.179Mi, 12.906Mi/s, Transferred:   	  221.496 MiB / 789.179 MiB, 28%, 12.724 MiB/s, ETA 44s
Transferred:            0 / 1, 0%
Elapsed time:        17.3s
Transferring:
 * out_%E5%B0%8F%E5%9F%8E…C%2012%20%E9%9B%86.mkv: 28% /789.179Mi, 12.724Mi/s, Transferred:   	  225.496 MiB / 789.179 MiB, 29%, 12.724 MiB/s, ETA 44s
Transferred:            0 / 1, 0%
Elapsed time:        17.8s
Transferring:
 * out_%E5%B0%8F%E5%9F%8E…C%2012%20%E9%9B%86.mkv: 28% /789.179Mi, 12.724Mi/s, Transferred:   	  232.996 MiB / 789.179 MiB, 30%, 12.616 MiB/s, ETA 44s
Transferred:            0 / 1, 0%
Elapsed time:        18.3s
Transferring:
 * out_%E5%B0%8F%E5%9F%8E…C%2012%20%E9%9B%86.mkv: 29% /789.179Mi, 12.742Mi/s, Transferred:   	  239.496 MiB / 789.179 MiB, 30%, 12.616 MiB/s, ETA 43s
Transferred:            0 / 1, 0%
Elapsed time:        18.8s
Transferring:
 * out_%E5%B0%8F%E5%9F%8E…C%2012%20%E9%9B%86.mkv: 30% /789.179Mi, 12.742Mi/s, Transferred:   	  245.496 MiB / 789.179 MiB, 31%, 12.703 MiB/s, ETA 42s
Transferred:            0 / 1, 0%
Elapsed time:        19.3s
Transferring:
 * out_%E5%B0%8F%E5%9F%8E…C%2012%20%E9%9B%86.mkv: 31% /789.179Mi, 12.695Mi/s, Transferred:   	  250.496 MiB / 789.179 MiB, 32%, 12.703 MiB/s, ETA 42s
Transferred:            0 / 1, 0%
Elapsed time:        19.8s
Transferring:
 * out_%E5%B0%8F%E5%9F%8E…C%2012%20%E9%9B%86.mkv: 31% /789.179Mi, 12.695Mi/s, Transferred:   	  255.996 MiB / 789.179 MiB, 32%, 12.596 MiB/s, ETA 42s
Transferred:            0 / 1, 0%
Elapsed time:        20.3s
Transferring:
 * out_%E5%B0%8F%E5%9F%8E…C%2012%20%E9%9B%86.mkv: 32% /789.179Mi, 12.589Mi/s, Transferred:   	  260.996 MiB / 789.179 MiB, 33%, 12.596 MiB/s, ETA 41s
Transferred:            0 / 1, 0%
Elapsed time:        20.8s
Transferring:
 * out_%E5%B0%8F%E5%9F%8E…C%2012%20%E9%9B%86.mkv: 33% /789.179Mi, 12.589Mi/s, Transferred:   	  266.496 MiB / 789.179 MiB, 34%, 12.434 MiB/s, ETA 42s
Transferred:            0 / 1, 0%
Elapsed time:        21.3s
Transferring:
 * out_%E5%B0%8F%E5%9F%8E…C%2012%20%E9%9B%86.mkv: 33% /789.179Mi, 12.427Mi/s, Transferred:   	  271.496 MiB / 789.179 MiB, 34%, 12.434 MiB/s, ETA 41s
Transferred:            0 / 1, 0%
Elapsed time:        21.8s
Transferring:
 * out_%E5%B0%8F%E5%9F%8E…C%2012%20%E9%9B%86.mkv: 34% /789.179Mi, 12.427Mi/s, Transferred:   	  277.496 MiB / 789.179 MiB, 35%, 12.345 MiB/s, ETA 41s
Transferred:            0 / 1, 0%
Elapsed time:        22.3s
Transferring:
 * out_%E5%B0%8F%E5%9F%8E…C%2012%20%E9%9B%86.mkv: 35% /789.179Mi, 12.338Mi/s, Transferred:   	  283.496 MiB / 789.179 MiB, 36%, 12.345 MiB/s, ETA 40s
Transferred:            0 / 1, 0%
Elapsed time:        22.8s
Transferring:
 * out_%E5%B0%8F%E5%9F%8E…C%2012%20%E9%9B%86.mkv: 35% /789.179Mi, 12.338Mi/s, Transferred:   	  288.996 MiB / 789.179 MiB, 37%, 12.198 MiB/s, ETA 41s
Transferred:            0 / 1, 0%
Elapsed time:        23.3s
Transferring:
 * out_%E5%B0%8F%E5%9F%8E…C%2012%20%E9%9B%86.mkv: 36% /789.179Mi, 12.192Mi/s, Transferred:   	  294.996 MiB / 789.179 MiB, 37%, 12.198 MiB/s, ETA 40s
Transferred:            0 / 1, 0%
Elapsed time:        23.8s
Transferring:
 * out_%E5%B0%8F%E5%9F%8E…C%2012%20%E9%9B%86.mkv: 37% /789.179Mi, 12.192Mi/s, Transferred:   	  302.496 MiB / 789.179 MiB, 38%, 12.248 MiB/s, ETA 39s
Transferred:            0 / 1, 0%
Elapsed time:        24.3s
Transferring:
 * out_%E5%B0%8F%E5%9F%8E…C%2012%20%E9%9B%86.mkv: 38% /789.179Mi, 12.368Mi/s, Transferred:   	  305.496 MiB / 789.179 MiB, 39%, 12.248 MiB/s, ETA 39s
Transferred:            0 / 1, 0%
Elapsed time:        24.8s
Transferring:
 * out_%E5%B0%8F%E5%9F%8E…C%2012%20%E9%9B%86.mkv: 38% /789.179Mi, 12.368Mi/s, Transferred:   	  312.996 MiB / 789.179 MiB, 40%, 12.170 MiB/s, ETA 39s
Transferred:            0 / 1, 0%
Elapsed time:        25.3s
Transferring:
 * out_%E5%B0%8F%E5%9F%8E…C%2012%20%E9%9B%86.mkv: 39% /789.179Mi, 12.157Mi/s, Transferred:   	  318.496 MiB / 789.179 MiB, 40%, 12.170 MiB/s, ETA 38s
Transferred:            0 / 1, 0%
Elapsed time:        25.8s
Transferring:
 * out_%E5%B0%8F%E5%9F%8E…C%2012%20%E9%9B%86.mkv: 40% /789.179Mi, 12.157Mi/s, Transferred:   	  323.496 MiB / 789.179 MiB, 41%, 12.160 MiB/s, ETA 38s
Transferred:            0 / 1, 0%
Elapsed time:        26.3s
Transferring:
 * out_%E5%B0%8F%E5%9F%8E…C%2012%20%E9%9B%86.mkv: 40% /789.179Mi, 12.179Mi/s, Transferred:   	  328.496 MiB / 789.179 MiB, 42%, 12.160 MiB/s, ETA 37s
Transferred:            0 / 1, 0%
Elapsed time:        26.8s
Transferring:
 * out_%E5%B0%8F%E5%9F%8E…C%2012%20%E9%9B%86.mkv: 41% /789.179Mi, 12.179Mi/s, Transferred:   	  333.496 MiB / 789.179 MiB, 42%, 11.962 MiB/s, ETA 38s
Transferred:            0 / 1, 0%
Elapsed time:        27.3s
Transferring:
 * out_%E5%B0%8F%E5%9F%8E…C%2012%20%E9%9B%86.mkv: 42% /789.179Mi, 11.949Mi/s, Transferred:   	  338.996 MiB / 789.179 MiB, 43%, 11.962 MiB/s, ETA 37s
Transferred:            0 / 1, 0%
Elapsed time:        27.8s
Transferring:
 * out_%E5%B0%8F%E5%9F%8E…C%2012%20%E9%9B%86.mkv: 42% /789.179Mi, 11.949Mi/s, Transferred:   	  344.496 MiB / 789.179 MiB, 44%, 11.964 MiB/s, ETA 37s
Transferred:            0 / 1, 0%
Elapsed time:        28.3s
Transferring:
 * out_%E5%B0%8F%E5%9F%8E…C%2012%20%E9%9B%86.mkv: 43% /789.179Mi, 11.952Mi/s, Transferred:   	  351.496 MiB / 789.179 MiB, 45%, 11.964 MiB/s, ETA 36s
Transferred:            0 / 1, 0%
Elapsed time:        28.8s
Transferring:
 * out_%E5%B0%8F%E5%9F%8E…C%2012%20%E9%9B%86.mkv: 44% /789.179Mi, 11.952Mi/s, Transferred:   	  356.496 MiB / 789.179 MiB, 45%, 11.904 MiB/s, ETA 36s
Transferred:            0 / 1, 0%
Elapsed time:        29.3s
Transferring:
 * out_%E5%B0%8F%E5%9F%8E…C%2012%20%E9%9B%86.mkv: 45% /789.179Mi, 11.955Mi/s, Transferred:   	  362.496 MiB / 789.179 MiB, 46%, 11.904 MiB/s, ETA 35s
Transferred:            0 / 1, 0%
Elapsed time:        29.8s
Transferring:
 * out_%E5%B0%8F%E5%9F%8E…C%2012%20%E9%9B%86.mkv: 45% /789.179Mi, 11.955Mi/s, Transferred:   	  368.496 MiB / 789.179 MiB, 47%, 11.973 MiB/s, ETA 35s
Transferred:            0 / 1, 0%
Elapsed time:        30.3s
Transferring:
 * out_%E5%B0%8F%E5%9F%8E…C%2012%20%E9%9B%86.mkv: 46% /789.179Mi, 11.958Mi/s, Transferred:   	  373.496 MiB / 789.179 MiB, 47%, 11.973 MiB/s, ETA 34s
Transferred:            0 / 1, 0%
Elapsed time:        30.8s
Transferring:
 * out_%E5%B0%8F%E5%9F%8E…C%2012%20%E9%9B%86.mkv: 47% /789.179Mi, 11.958Mi/s, Transferred:   	  379.996 MiB / 789.179 MiB, 48%, 11.912 MiB/s, ETA 34s
Transferred:            0 / 1, 0%
Elapsed time:        31.3s
Transferring:
 * out_%E5%B0%8F%E5%9F%8E…C%2012%20%E9%9B%86.mkv: 48% /789.179Mi, 11.898Mi/s, Transferred:   	  384.496 MiB / 789.179 MiB, 49%, 11.912 MiB/s, ETA 33s
Transferred:            0 / 1, 0%
Elapsed time:        31.8s
Transferring:
 * out_%E5%B0%8F%E5%9F%8E…C%2012%20%E9%9B%86.mkv: 48% /789.179Mi, 11.898Mi/s, Transferred:   	  389.996 MiB / 789.179 MiB, 49%, 11.824 MiB/s, ETA 33s
Transferred:            0 / 1, 0%
Elapsed time:        32.3s
Transferring:
 * out_%E5%B0%8F%E5%9F%8E…C%2012%20%E9%9B%86.mkv: 49% /789.179Mi, 11.810Mi/s, Transferred:   	  394.996 MiB / 789.179 MiB, 50%, 11.824 MiB/s, ETA 33s
Transferred:            0 / 1, 0%
Elapsed time:        32.8s
Transferring:
 * out_%E5%B0%8F%E5%9F%8E…C%2012%20%E9%9B%86.mkv: 50% /789.179Mi, 11.810Mi/s, Transferred:   	  399.996 MiB / 789.179 MiB, 51%, 11.647 MiB/s, ETA 33s
Transferred:            0 / 1, 0%
Elapsed time:        33.3s
Transferring:
 * out_%E5%B0%8F%E5%9F%8E…C%2012%20%E9%9B%86.mkv: 50% /789.179Mi, 11.635Mi/s, Transferred:   	  406.496 MiB / 789.179 MiB, 52%, 11.647 MiB/s, ETA 32s
Transferred:            0 / 1, 0%
Elapsed time:        33.8s
Transferring:
 * out_%E5%B0%8F%E5%9F%8E…C%2012%20%E9%9B%86.mkv: 51% /789.179Mi, 11.635Mi/s, Transferred:   	  412.996 MiB / 789.179 MiB, 52%, 11.638 MiB/s, ETA 32s
Transferred:            0 / 1, 0%
Elapsed time:        34.3s
Transferring:
 * out_%E5%B0%8F%E5%9F%8E…C%2012%20%E9%9B%86.mkv: 52% /789.179Mi, 11.720Mi/s, Transferred:   	  418.496 MiB / 789.179 MiB, 53%, 11.638 MiB/s, ETA 31s
Transferred:            0 / 1, 0%
Elapsed time:        34.8s
Transferring:
 * out_%E5%B0%8F%E5%9F%8E…C%2012%20%E9%9B%86.mkv: 53% /789.179Mi, 11.720Mi/s, Transferred:   	  424.496 MiB / 789.179 MiB, 54%, 11.754 MiB/s, ETA 31s
Transferred:            0 / 1, 0%
Elapsed time:        35.3s
Transferring:
 * out_%E5%B0%8F%E5%9F%8E…C%2012%20%E9%9B%86.mkv: 53% /789.179Mi, 11.738Mi/s, Transferred:   	  430.496 MiB / 789.179 MiB, 55%, 11.754 MiB/s, ETA 30s
Transferred:            0 / 1, 0%
Elapsed time:        35.8s
Transferring:
 * out_%E5%B0%8F%E5%9F%8E…C%2012%20%E9%9B%86.mkv: 54% /789.179Mi, 11.738Mi/s, Transferred:   	  435.996 MiB / 789.179 MiB, 55%, 11.707 MiB/s, ETA 30s
Transferred:            0 / 1, 0%
Elapsed time:        36.3s
Transferring:
 * out_%E5%B0%8F%E5%9F%8E…C%2012%20%E9%9B%86.mkv: 55% /789.179Mi, 11.785Mi/s, Transferred:   	  441.996 MiB / 789.179 MiB, 56%, 11.707 MiB/s, ETA 29s
Transferred:            0 / 1, 0%
Elapsed time:        36.8s
Transferring:
 * out_%E5%B0%8F%E5%9F%8E…C%2012%20%E9%9B%86.mkv: 56% /789.179Mi, 11.785Mi/s, Transferred:   	  447.496 MiB / 789.179 MiB, 57%, 11.663 MiB/s, ETA 29s
Transferred:            0 / 1, 0%
Elapsed time:        37.3s
Transferring:
 * out_%E5%B0%8F%E5%9F%8E…C%2012%20%E9%9B%86.mkv: 56% /789.179Mi, 11.767Mi/s, Transferred:   	  450.996 MiB / 789.179 MiB, 57%, 11.663 MiB/s, ETA 28s
Transferred:            0 / 1, 0%
Elapsed time:        37.8s
Transferring:
 * out_%E5%B0%8F%E5%9F%8E…C%2012%20%E9%9B%86.mkv: 57% /789.179Mi, 11.767Mi/s, Transferred:   	  456.996 MiB / 789.179 MiB, 58%, 11.622 MiB/s, ETA 28s
Transferred:            0 / 1, 0%
Elapsed time:        38.3s
Transferring:
 * out_%E5%B0%8F%E5%9F%8E…C%2012%20%E9%9B%86.mkv: 57% /789.179Mi, 11.594Mi/s, Transferred:   	  461.996 MiB / 789.179 MiB, 59%, 11.622 MiB/s, ETA 28s
Transferred:            0 / 1, 0%
Elapsed time:        38.8s
Transferring:
 * out_%E5%B0%8F%E5%9F%8E…C%2012%20%E9%9B%86.mkv: 58% /789.179Mi, 11.594Mi/s, Transferred:   	  467.496 MiB / 789.179 MiB, 59%, 11.489 MiB/s, ETA 27s
Transferred:            0 / 1, 0%
Elapsed time:        39.3s
Transferring:
 * out_%E5%B0%8F%E5%9F%8E…C%2012%20%E9%9B%86.mkv: 59% /789.179Mi, 11.557Mi/s, Transferred:   	  473.996 MiB / 789.179 MiB, 60%, 11.489 MiB/s, ETA 27s
Transferred:            0 / 1, 0%
Elapsed time:        39.8s
Transferring:
 * out_%E5%B0%8F%E5%9F%8E…C%2012%20%E9%9B%86.mkv: 60% /789.179Mi, 11.557Mi/s, Transferred:   	  479.996 MiB / 789.179 MiB, 61%, 11.615 MiB/s, ETA 26s
Transferred:            0 / 1, 0%
Elapsed time:        40.3s
Transferring:
 * out_%E5%B0%8F%E5%9F%8E…C%2012%20%E9%9B%86.mkv: 60% /789.179Mi, 11.585Mi/s, Transferred:   	  486.996 MiB / 789.179 MiB, 62%, 11.615 MiB/s, ETA 26s
Transferred:            0 / 1, 0%
Elapsed time:        40.8s
Transferring:
 * out_%E5%B0%8F%E5%9F%8E…C%2012%20%E9%9B%86.mkv: 61% /789.179Mi, 11.585Mi/s, Transferred:   	  491.996 MiB / 789.179 MiB, 62%, 11.576 MiB/s, ETA 25s
Transferred:            0 / 1, 0%
Elapsed time:        41.3s
Transferring:
 * out_%E5%B0%8F%E5%9F%8E…C%2012%20%E9%9B%86.mkv: 62% /789.179Mi, 11.642Mi/s, Transferred:   	  496.996 MiB / 789.179 MiB, 63%, 11.576 MiB/s, ETA 25s
Transferred:            0 / 1, 0%
Elapsed time:        41.8s
Transferring:
 * out_%E5%B0%8F%E5%9F%8E…C%2012%20%E9%9B%86.mkv: 62% /789.179Mi, 11.642Mi/s, Transferred:   	  502.996 MiB / 789.179 MiB, 64%, 11.603 MiB/s, ETA 24s
Transferred:            0 / 1, 0%
Elapsed time:        42.3s
Transferring:
 * out_%E5%B0%8F%E5%9F%8E…C%2012%20%E9%9B%86.mkv: 63% /789.179Mi, 11.571Mi/s, Transferred:   	  506.996 MiB / 789.179 MiB, 64%, 11.603 MiB/s, ETA 24s
Transferred:            0 / 1, 0%
Elapsed time:        42.8s
Transferring:
 * out_%E5%B0%8F%E5%9F%8E…C%2012%20%E9%9B%86.mkv: 64% /789.179Mi, 11.571Mi/s, Transferred:   	  512.496 MiB / 789.179 MiB, 65%, 11.503 MiB/s, ETA 24s
Transferred:            0 / 1, 0%
Elapsed time:        43.3s
Transferring:
 * out_%E5%B0%8F%E5%9F%8E…C%2012%20%E9%9B%86.mkv: 64% /789.179Mi, 11.473Mi/s, Transferred:   	  516.996 MiB / 789.179 MiB, 66%, 11.503 MiB/s, ETA 23s
Transferred:            0 / 1, 0%
Elapsed time:        43.8s
Transferring:
 * out_%E5%B0%8F%E5%9F%8E…C%2012%20%E9%9B%86.mkv: 65% /789.179Mi, 11.473Mi/s, Transferred:   	  523.996 MiB / 789.179 MiB, 66%, 11.409 MiB/s, ETA 23s
Transferred:            0 / 1, 0%
Elapsed time:        44.3s
Transferring:
 * out_%E5%B0%8F%E5%9F%8E…C%2012%20%E9%9B%86.mkv: 66% /789.179Mi, 11.443Mi/s, Transferred:   	  527.996 MiB / 789.179 MiB, 67%, 11.409 MiB/s, ETA 22s
Transferred:            0 / 1, 0%
Elapsed time:        44.8s
Transferring:
 * out_%E5%B0%8F%E5%9F%8E…C%2012%20%E9%9B%86.mkv: 66% /789.179Mi, 11.443Mi/s, Transferred:   	  535.996 MiB / 789.179 MiB, 68%, 11.508 MiB/s, ETA 22s
Transferred:            0 / 1, 0%
Elapsed time:        45.3s
Transferring:
 * out_%E5%B0%8F%E5%9F%8E…C%2012%20%E9%9B%86.mkv: 67% /789.179Mi, 11.478Mi/s, Transferred:   	  542.996 MiB / 789.179 MiB, 69%, 11.508 MiB/s, ETA 21s
Transferred:            0 / 1, 0%
Elapsed time:        45.8s
Transferring:
 * out_%E5%B0%8F%E5%9F%8E…C%2012%20%E9%9B%86.mkv: 68% /789.179Mi, 11.478Mi/s, Transferred:   	  547.996 MiB / 789.179 MiB, 69%, 11.570 MiB/s, ETA 20s
Transferred:            0 / 1, 0%
Elapsed time:        46.3s
Transferring:
 * out_%E5%B0%8F%E5%9F%8E…C%2012%20%E9%9B%86.mkv: 69% /789.179Mi, 11.542Mi/s, Transferred:   	  553.996 MiB / 789.179 MiB, 70%, 11.570 MiB/s, ETA 20s
Transferred:            0 / 1, 0%
Elapsed time:        46.8s
Transferring:
 * out_%E5%B0%8F%E5%9F%8E…C%2012%20%E9%9B%86.mkv: 70% /789.179Mi, 11.542Mi/s, Transferred:   	  558.996 MiB / 789.179 MiB, 71%, 11.441 MiB/s, ETA 20s
Transferred:            0 / 1, 0%
Elapsed time:        47.3s
Transferring:
 * out_%E5%B0%8F%E5%9F%8E…C%2012%20%E9%9B%86.mkv: 70% /789.179Mi, 11.508Mi/s, Transferred:   	  564.996 MiB / 789.179 MiB, 72%, 11.441 MiB/s, ETA 19s
Transferred:            0 / 1, 0%
Elapsed time:        47.8s
Transferring:
 * out_%E5%B0%8F%E5%9F%8E…C%2012%20%E9%9B%86.mkv: 71% /789.179Mi, 11.508Mi/s, Transferred:   	  569.996 MiB / 789.179 MiB, 72%, 11.476 MiB/s, ETA 19s
Transferred:            0 / 1, 0%
Elapsed time:        48.3s
Transferring:
 * out_%E5%B0%8F%E5%9F%8E…C%2012%20%E9%9B%86.mkv: 72% /789.179Mi, 11.445Mi/s, Transferred:   	  574.996 MiB / 789.179 MiB, 73%, 11.476 MiB/s, ETA 18s
Transferred:            0 / 1, 0%
Elapsed time:        48.8s
Transferring:
 * out_%E5%B0%8F%E5%9F%8E…C%2012%20%E9%9B%86.mkv: 72% /789.179Mi, 11.445Mi/s, Transferred:   	  578.996 MiB / 789.179 MiB, 73%, 11.321 MiB/s, ETA 18s
Transferred:            0 / 1, 0%
Elapsed time:        49.3s
Transferring:
 * out_%E5%B0%8F%E5%9F%8E…C%2012%20%E9%9B%86.mkv: 73% /789.179Mi, 11.417Mi/s, Transferred:   	  584.996 MiB / 789.179 MiB, 74%, 11.321 MiB/s, ETA 18s
Transferred:            0 / 1, 0%
Elapsed time:        49.8s
Transferring:
 * out_%E5%B0%8F%E5%9F%8E…C%2012%20%E9%9B%86.mkv: 74% /789.179Mi, 11.417Mi/s, Transferred:   	  590.996 MiB / 789.179 MiB, 75%, 11.363 MiB/s, ETA 17s
Transferred:            0 / 1, 0%
Elapsed time:        50.3s
Transferring:
 * out_%E5%B0%8F%E5%9F%8E…C%2012%20%E9%9B%86.mkv: 74% /789.179Mi, 11.329Mi/s, Transferred:   	  596.996 MiB / 789.179 MiB, 76%, 11.363 MiB/s, ETA 16s
Transferred:            0 / 1, 0%
Elapsed time:        50.8s
Transferring:
 * out_%E5%B0%8F%E5%9F%8E…C%2012%20%E9%9B%86.mkv: 75% /789.179Mi, 11.329Mi/s, Transferred:   	  602.996 MiB / 789.179 MiB, 76%, 11.403 MiB/s, ETA 16s
Transferred:            0 / 1, 0%
Elapsed time:        51.3s
Transferring:
 * out_%E5%B0%8F%E5%9F%8E…C%2012%20%E9%9B%86.mkv: 76% /789.179Mi, 11.370Mi/s, Transferred:   	  608.996 MiB / 789.179 MiB, 77%, 11.403 MiB/s, ETA 15s
Transferred:            0 / 1, 0%
Elapsed time:        51.8s
Transferring:
 * out_%E5%B0%8F%E5%9F%8E…C%2012%20%E9%9B%86.mkv: 77% /789.179Mi, 11.370Mi/s, Transferred:   	  614.996 MiB / 789.179 MiB, 78%, 11.440 MiB/s, ETA 15s
Transferred:            0 / 1, 0%
Elapsed time:        52.3s
Transferring:
 * out_%E5%B0%8F%E5%9F%8E…C%2012%20%E9%9B%86.mkv: 77% /789.179Mi, 11.410Mi/s, Transferred:   	  620.996 MiB / 789.179 MiB, 79%, 11.440 MiB/s, ETA 14s
Transferred:            0 / 1, 0%
Elapsed time:        52.8s
Transferring:
 * out_%E5%B0%8F%E5%9F%8E…C%2012%20%E9%9B%86.mkv: 78% /789.179Mi, 11.410Mi/s, Transferred:   	  626.996 MiB / 789.179 MiB, 79%, 11.350 MiB/s, ETA 14s
Transferred:            0 / 1, 0%
Elapsed time:        53.3s
Transferring:
 * out_%E5%B0%8F%E5%9F%8E…C%2012%20%E9%9B%86.mkv: 79% /789.179Mi, 11.447Mi/s, Transferred:   	  631.996 MiB / 789.179 MiB, 80%, 11.350 MiB/s, ETA 13s
Transferred:            0 / 1, 0%
Elapsed time:        53.8s
Transferring:
 * out_%E5%B0%8F%E5%9F%8E…C%2012%20%E9%9B%86.mkv: 80% /789.179Mi, 11.447Mi/s, Transferred:   	  636.496 MiB / 789.179 MiB, 81%, 11.391 MiB/s, ETA 13s
Transferred:            0 / 1, 0%
Elapsed time:        54.3s
Transferring:
 * out_%E5%B0%8F%E5%9F%8E…C%2012%20%E9%9B%86.mkv: 80% /789.179Mi, 11.356Mi/s, Transferred:   	  641.996 MiB / 789.179 MiB, 81%, 11.391 MiB/s, ETA 12s
Transferred:            0 / 1, 0%
Elapsed time:        54.8s
Transferring:
 * out_%E5%B0%8F%E5%9F%8E…C%2012%20%E9%9B%86.mkv: 81% /789.179Mi, 11.356Mi/s, Transferred:   	  646.996 MiB / 789.179 MiB, 82%, 11.242 MiB/s, ETA 12s
Transferred:            0 / 1, 0%
Elapsed time:        55.3s
Transferring:
 * out_%E5%B0%8F%E5%9F%8E…C%2012%20%E9%9B%86.mkv: 81% /789.179Mi, 11.334Mi/s, Transferred:   	  652.996 MiB / 789.179 MiB, 83%, 11.242 MiB/s, ETA 12s
Transferred:            0 / 1, 0%
Elapsed time:        55.8s
Transferring:
 * out_%E5%B0%8F%E5%9F%8E…C%2012%20%E9%9B%86.mkv: 82% /789.179Mi, 11.334Mi/s, Transferred:   	  659.496 MiB / 789.179 MiB, 84%, 11.320 MiB/s, ETA 11s
Transferred:            0 / 1, 0%
Elapsed time:        56.3s
Transferring:
 * out_%E5%B0%8F%E5%9F%8E…C%2012%20%E9%9B%86.mkv: 83% /789.179Mi, 11.282Mi/s, Transferred:   	  665.996 MiB / 789.179 MiB, 84%, 11.320 MiB/s, ETA 10s
Transferred:            0 / 1, 0%
Elapsed time:        56.8s
Transferring:
 * out_%E5%B0%8F%E5%9F%8E…C%2012%20%E9%9B%86.mkv: 84% /789.179Mi, 11.282Mi/s, Transferred:   	  670.996 MiB / 789.179 MiB, 85%, 11.456 MiB/s, ETA 10s
Transferred:            0 / 1, 0%
Elapsed time:        57.3s
Transferring:
 * out_%E5%B0%8F%E5%9F%8E…C%2012%20%E9%9B%86.mkv: 85% /789.179Mi, 11.421Mi/s, Transferred:   	  675.996 MiB / 789.179 MiB, 86%, 11.456 MiB/s, ETA 9s
Transferred:            0 / 1, 0%
Elapsed time:        57.8s
Transferring:
 * out_%E5%B0%8F%E5%9F%8E…C%2012%20%E9%9B%86.mkv: 85% /789.179Mi, 11.421Mi/s, Transferred:   	  680.996 MiB / 789.179 MiB, 86%, 11.334 MiB/s, ETA 9s
Transferred:            0 / 1, 0%
Elapsed time:        58.3s
Transferring:
 * out_%E5%B0%8F%E5%9F%8E…C%2012%20%E9%9B%86.mkv: 86% /789.179Mi, 11.301Mi/s, Transferred:   	  687.996 MiB / 789.179 MiB, 87%, 11.334 MiB/s, ETA 8s
Transferred:            0 / 1, 0%
Elapsed time:        58.8s
Transferring:
 * out_%E5%B0%8F%E5%9F%8E…C%2012%20%E9%9B%86.mkv: 87% /789.179Mi, 11.301Mi/s, Transferred:   	  693.996 MiB / 789.179 MiB, 88%, 11.345 MiB/s, ETA 8s
Transferred:            0 / 1, 0%
Elapsed time:        59.3s
Transferring:
 * out_%E5%B0%8F%E5%9F%8E…C%2012%20%E9%9B%86.mkv: 87% /789.179Mi, 11.344Mi/s, Transferred:   	  697.996 MiB / 789.179 MiB, 88%, 11.345 MiB/s, ETA 8s
Transferred:            0 / 1, 0%
Elapsed time:        59.8s
Transferring:
 * out_%E5%B0%8F%E5%9F%8E…C%2012%20%E9%9B%86.mkv: 88% /789.179Mi, 11.344Mi/s, Transferred:   	  702.996 MiB / 789.179 MiB, 89%, 11.292 MiB/s, ETA 7s
Transferred:            0 / 1, 0%
Elapsed time:       1m0.3s
Transferring:
 * out_%E5%B0%8F%E5%9F%8E…C%2012%20%E9%9B%86.mkv: 89% /789.179Mi, 11.260Mi/s, Transferred:   	  707.996 MiB / 789.179 MiB, 90%, 11.292 MiB/s, ETA 7s
Transferred:            0 / 1, 0%
Elapsed time:       1m0.8s
Transferring:
 * out_%E5%B0%8F%E5%9F%8E…C%2012%20%E9%9B%86.mkv: 89% /789.179Mi, 11.260Mi/s, Transferred:   	  714.496 MiB / 789.179 MiB, 91%, 11.242 MiB/s, ETA 6s
Transferred:            0 / 1, 0%
Elapsed time:       1m1.3s
Transferring:
 * out_%E5%B0%8F%E5%9F%8E…C%2012%20%E9%9B%86.mkv: 90% /789.179Mi, 11.213Mi/s, Transferred:   	  719.996 MiB / 789.179 MiB, 91%, 11.242 MiB/s, ETA 6s
Transferred:            0 / 1, 0%
Elapsed time:       1m1.8s
Transferring:
 * out_%E5%B0%8F%E5%9F%8E…C%2012%20%E9%9B%86.mkv: 91% /789.179Mi, 11.213Mi/s, Transferred:   	  726.996 MiB / 789.179 MiB, 92%, 11.290 MiB/s, ETA 5s
Transferred:            0 / 1, 0%
Elapsed time:       1m2.3s
Transferring:
 * out_%E5%B0%8F%E5%9F%8E…C%2012%20%E9%9B%86.mkv: 92% /789.179Mi, 11.262Mi/s, Transferred:   	  733.996 MiB / 789.179 MiB, 93%, 11.290 MiB/s, ETA 4s
Transferred:            0 / 1, 0%
Elapsed time:       1m2.8s
Transferring:
 * out_%E5%B0%8F%E5%9F%8E…C%2012%20%E9%9B%86.mkv: 93% /789.179Mi, 11.262Mi/s, Transferred:   	  737.996 MiB / 789.179 MiB, 94%, 11.334 MiB/s, ETA 4s
Transferred:            0 / 1, 0%
Elapsed time:       1m3.3s
Transferring:
 * out_%E5%B0%8F%E5%9F%8E…C%2012%20%E9%9B%86.mkv: 93% /789.179Mi, 11.308Mi/s, Transferred:   	  744.996 MiB / 789.179 MiB, 94%, 11.334 MiB/s, ETA 3s
Transferred:            0 / 1, 0%
Elapsed time:       1m3.8s
Transferring:
 * out_%E5%B0%8F%E5%9F%8E…C%2012%20%E9%9B%86.mkv: 94% /789.179Mi, 11.308Mi/s, Transferred:   	  749.996 MiB / 789.179 MiB, 95%, 11.313 MiB/s, ETA 3s
Transferred:            0 / 1, 0%
Elapsed time:       1m4.3s
Transferring:
 * out_%E5%B0%8F%E5%9F%8E…C%2012%20%E9%9B%86.mkv: 95% /789.179Mi, 11.414Mi/s, Transferred:   	  755.496 MiB / 789.179 MiB, 96%, 11.313 MiB/s, ETA 2s
Transferred:            0 / 1, 0%
Elapsed time:       1m4.8s
Transferring:
 * out_%E5%B0%8F%E5%9F%8E…C%2012%20%E9%9B%86.mkv: 95% /789.179Mi, 11.414Mi/s, Transferred:   	  759.996 MiB / 789.179 MiB, 96%, 11.262 MiB/s, ETA 2s
Transferred:            0 / 1, 0%
Elapsed time:       1m5.3s
Transferring:
 * out_%E5%B0%8F%E5%9F%8E…C%2012%20%E9%9B%86.mkv: 96% /789.179Mi, 11.325Mi/s, Transferred:   	  764.996 MiB / 789.179 MiB, 97%, 11.262 MiB/s, ETA 2s
Transferred:            0 / 1, 0%
Elapsed time:       1m5.8s
Transferring:
 * out_%E5%B0%8F%E5%9F%8E…C%2012%20%E9%9B%86.mkv: 96% /789.179Mi, 11.325Mi/s, Transferred:   	  770.496 MiB / 789.179 MiB, 98%, 11.246 MiB/s, ETA 1s
Transferred:            0 / 1, 0%
Elapsed time:       1m6.3s
Transferring:
 * out_%E5%B0%8F%E5%9F%8E…C%2012%20%E9%9B%86.mkv: 97% /789.179Mi, 11.211Mi/s, Transferred:   	  776.996 MiB / 789.179 MiB, 98%, 11.246 MiB/s, ETA 1s
Transferred:            0 / 1, 0%
Elapsed time:       1m6.8s
Transferring:
 * out_%E5%B0%8F%E5%9F%8E…C%2012%20%E9%9B%86.mkv: 98% /789.179Mi, 11.211Mi/s, Transferred:   	  781.996 MiB / 789.179 MiB, 99%, 11.199 MiB/s, ETA 0s
Transferred:            0 / 1, 0%
Elapsed time:       1m7.3s
Transferring:
 * out_%E5%B0%8F%E5%9F%8E…C%2012%20%E9%9B%86.mkv: 99% /789.179Mi, 11.261Mi/s, Transferred:   	  787.496 MiB / 789.179 MiB, 100%, 11.199 MiB/s, ETA 0s
Transferred:            0 / 1, 0%
Elapsed time:       1m7.8s
Transferring:
 * out_%E5%B0%8F%E5%9F%8E…C%2012%20%E9%9B%86.mkv: 99% /789.179Mi, 11.261Mi/s, Transferred:   	  789.179 MiB / 789.179 MiB, 100%, 11.261 MiB/s, ETA 0s
Transferred:            0 / 1, 0%
Elapsed time:       1m8.3s
Transferring:
 * out_%E5%B0%8F%E5%9F%8E…C%2012%20%E9%9B%86.mkv:100% /789.179Mi, 11.225Mi/s, Transferred:   	  789.179 MiB / 789.179 MiB, 100%, 11.261 MiB/s, ETA 0s
Transferred:            0 / 1, 0%
Elapsed time:       1m8.8s
Transferring:
 * out_%E5%B0%8F%E5%9F%8E…C%2012%20%E9%9B%86.mkv:100% /789.179Mi, 11.225Mi/s, Transferred:   	  789.179 MiB / 789.179 MiB, 100%, 10.557 MiB/s, ETA 0s
Transferred:            0 / 1, 0%
Elapsed time:       1m9.3s
Transferring:
 * out_%E5%B0%8F%E5%9F%8E…C%2012%20%E9%9B%86.mkv:100% /789.179Mi, 10.523Mi/s, Transferred:   	  789.179 MiB / 789.179 MiB, 100%, 10.557 MiB/s, ETA 0s
Transferred:            0 / 1, 0%
Elapsed time:       1m9.8s
Transferring:
 * out_%E5%B0%8F%E5%9F%8E…C%2012%20%E9%9B%86.mkv:100% /789.179Mi, 10.523Mi/s, Transferred:   	  789.179 MiB / 789.179 MiB, 100%, 9.897 MiB/s, ETA 0s
Transferred:            0 / 1, 0%
Elapsed time:      1m10.3s
Transferring:
 * out_%E5%B0%8F%E5%9F%8E…C%2012%20%E9%9B%86.mkv:100% /789.179Mi, 9.865Mi/s, 0Transferred:   	  789.179 MiB / 789.179 MiB, 100%, 9.897 MiB/s, ETA 0s
Transferred:            0 / 1, 0%
Elapsed time:      1m10.8s
Transferring:
 * out_%E5%B0%8F%E5%9F%8E…C%2012%20%E9%9B%86.mkv:100% /789.179Mi, 9.865Mi/s, 0Transferred:   	  789.179 MiB / 789.179 MiB, 100%, 9.279 MiB/s, ETA 0s
Transferred:            0 / 1, 0%
Elapsed time:      1m11.3s
Transferring:
 * out_%E5%B0%8F%E5%9F%8E…C%2012%20%E9%9B%86.mkv:100% /789.179Mi, 9.249Mi/s, 0Transferred:   	  789.179 MiB / 789.179 MiB, 100%, 9.279 MiB/s, ETA 0s
Transferred:            0 / 1, 0%
Elapsed time:      1m11.8s
Transferring:
 * out_%E5%B0%8F%E5%9F%8E…C%2012%20%E9%9B%86.mkv:100% /789.179Mi, 9.249Mi/s, 0Transferred:   	  789.179 MiB / 789.179 MiB, 100%, 8.699 MiB/s, ETA 0s
Transferred:            0 / 1, 0%
Elapsed time:      1m12.3s
Transferring:
 * out_%E5%B0%8F%E5%9F%8E…C%2012%20%E9%9B%86.mkv:100% /789.179Mi, 8.671Mi/s, 0Transferred:   	  789.179 MiB / 789.179 MiB, 100%, 8.699 MiB/s, ETA 0s
Transferred:            0 / 1, 0%
Elapsed time:      1m12.8s
Transferring:
 * out_%E5%B0%8F%E5%9F%8E…C%2012%20%E9%9B%86.mkv:100% /789.179Mi, 8.671Mi/s, 0Transferred:   	  789.179 MiB / 789.179 MiB, 100%, 8.699 MiB/s, ETA 0s
Transferred:            1 / 1, 100%
Elapsed time:      1m12.8s
Transferred:   	   18.496 MiB / 789.179 MiB, 2%, 0 B/s, ETA -
Transferred:            0 / 1, 0%
Elapsed time:         0.3s
Transferring:
 * out_%E5%B0%8F%E5%9F%8E…C%2012%20%E9%9B%86.mkv:  2% /789.179Mi, 0/s, -Transferred:   	   30.496 MiB / 789.179 MiB, 4%, 0 B/s, ETA -
Transferred:            0 / 1, 0%
Elapsed time:         0.8s
Transferring:
 * out_%E5%B0%8F%E5%9F%8E…C%2012%20%E9%9B%86.mkv:  3% /789.179Mi, 0/s, -Transferred:   	   42.496 MiB / 789.179 MiB, 5%, 34.493 MiB/s, ETA 21s
Transferred:            0 / 1, 0%
Elapsed time:         1.3s
Transferring:
 * out_%E5%B0%8F%E5%9F%8E…C%2012%20%E9%9B%86.mkv:  5% /789.179Mi, 34.494Mi/s, Transferred:   	   48.496 MiB / 789.179 MiB, 6%, 34.493 MiB/s, ETA 21s
Transferred:            0 / 1, 0%
Elapsed time:         1.8s
Transferring:
 * out_%E5%B0%8F%E5%9F%8E…C%2012%20%E9%9B%86.mkv:  6% /789.179Mi, 34.494Mi/s, Transferred:   	   53.996 MiB / 789.179 MiB, 7%, 25.246 MiB/s, ETA 29s
Transferred:            0 / 1, 0%
Elapsed time:         2.3s
Transferring:
 * out_%E5%B0%8F%E5%9F%8E…C%2012%20%E9%9B%86.mkv:  6% /789.179Mi, 25.247Mi/s, Transferred:   	   58.496 MiB / 789.179 MiB, 7%, 25.246 MiB/s, ETA 28s
Transferred:            0 / 1, 0%
Elapsed time:         2.8s
Transferring:
 * out_%E5%B0%8F%E5%9F%8E…C%2012%20%E9%9B%86.mkv:  7% /789.179Mi, 25.247Mi/s, Transferred:   	   63.496 MiB / 789.179 MiB, 8%, 20.164 MiB/s, ETA 35s
Transferred:            0 / 1, 0%
Elapsed time:         3.3s
Transferring:
 * out_%E5%B0%8F%E5%9F%8E…C%2012%20%E9%9B%86.mkv:  8% /789.179Mi, 20.165Mi/s, Transferred:   	   69.496 MiB / 789.179 MiB, 9%, 20.164 MiB/s, ETA 35s
Transferred:            0 / 1, 0%
Elapsed time:         3.8s
Transferring:
 * out_%E5%B0%8F%E5%9F%8E…C%2012%20%E9%9B%86.mkv:  8% /789.179Mi, 20.165Mi/s, Transferred:   	   75.496 MiB / 789.179 MiB, 10%, 17.873 MiB/s, ETA 39s
Transferred:            0 / 1, 0%
Elapsed time:         4.3s
Transferring:
 * out_%E5%B0%8F%E5%9F%8E…C%2012%20%E9%9B%86.mkv:  9% /789.179Mi, 17.874Mi/s, Transferred:   	   80.996 MiB / 789.179 MiB, 10%, 17.873 MiB/s, ETA 39s
Transferred:            0 / 1, 0%
Elapsed time:         4.8s
Transferring:
 * out_%E5%B0%8F%E5%9F%8E…C%2012%20%E9%9B%86.mkv: 10% /789.179Mi, 17.874Mi/s, Transferred:   	   87.496 MiB / 789.179 MiB, 11%, 16.499 MiB/s, ETA 42s
Transferred:            0 / 1, 0%
Elapsed time:         5.3s
Transferring:
 * out_%E5%B0%8F%E5%9F%8E…C%2012%20%E9%9B%86.mkv: 11% /789.179Mi, 16.499Mi/s, Transferred:   	   93.996 MiB / 789.179 MiB, 12%, 16.499 MiB/s, ETA 42s
Transferred:            0 / 1, 0%
Elapsed time:         5.8s
Transferring:
 * out_%E5%B0%8F%E5%9F%8E…C%2012%20%E9%9B%86.mkv: 11% /789.179Mi, 16.499Mi/s, Transferred:   	   97.496 MiB / 789.179 MiB, 12%, 15.915 MiB/s, ETA 43s
Transferred:            0 / 1, 0%
Elapsed time:         6.3s
Transferring:
 * out_%E5%B0%8F%E5%9F%8E…C%2012%20%E9%9B%86.mkv: 12% /789.179Mi, 15.916Mi/s, Transferred:   	  103.496 MiB / 789.179 MiB, 13%, 15.915 MiB/s, ETA 43s
Transferred:            0 / 1, 0%
Elapsed time:         6.8s
Transferring:
 * out_%E5%B0%8F%E5%9F%8E…C%2012%20%E9%9B%86.mkv: 13% /789.179Mi, 15.916Mi/s, Transferred:   	  109.996 MiB / 789.179 MiB, 14%, 15.070 MiB/s, ETA 45s
Transferred:            0 / 1, 0%
Elapsed time:         7.3s
Transferring:
 * out_%E5%B0%8F%E5%9F%8E…C%2012%20%E9%9B%86.mkv: 13% /789.179Mi, 15.071Mi/s, Transferred:   	  115.496 MiB / 789.179 MiB, 15%, 15.070 MiB/s, ETA 44s
Transferred:            0 / 1, 0%
Elapsed time:         7.8s
Transferring:
 * out_%E5%B0%8F%E5%9F%8E…C%2012%20%E9%9B%86.mkv: 14% /789.179Mi, 15.071Mi/s, Transferred:   	  119.996 MiB / 789.179 MiB, 15%, 14.812 MiB/s, ETA 45s
Transferred:            0 / 1, 0%
Elapsed time:         8.3s
Transferring:
 * out_%E5%B0%8F%E5%9F%8E…C%2012%20%E9%9B%86.mkv: 15% /789.179Mi, 14.812Mi/s, Transferred:   	  125.496 MiB / 789.179 MiB, 16%, 14.812 MiB/s, ETA 44s
Transferred:            0 / 1, 0%
Elapsed time:         8.8s
Transferring:
 * out_%E5%B0%8F%E5%9F%8E…C%2012%20%E9%9B%86.mkv: 15% /789.179Mi, 14.812Mi/s, Transferred:   	  132.496 MiB / 789.179 MiB, 17%, 14.166 MiB/s, ETA 46s
Transferred:            0 / 1, 0%
Elapsed time:         9.3s
Transferring:
 * out_%E5%B0%8F%E5%9F%8E…C%2012%20%E9%9B%86.mkv: 16% /789.179Mi, 14.166Mi/s, Transferred:   	  137.496 MiB / 789.179 MiB, 17%, 14.166 MiB/s, ETA 46s
Transferred:            0 / 1, 0%
Elapsed time:         9.8s
Transferring:
 * out_%E5%B0%8F%E5%9F%8E…C%2012%20%E9%9B%86.mkv: 17% /789.179Mi, 14.166Mi/s, Transferred:   	  142.496 MiB / 789.179 MiB, 18%, 13.749 MiB/s, ETA 47s
Transferred:            0 / 1, 0%
Elapsed time:        10.3s
Transferring:
 * out_%E5%B0%8F%E5%9F%8E…C%2012%20%E9%9B%86.mkv: 18% /789.179Mi, 13.749Mi/s, Transferred:   	  147.996 MiB / 789.179 MiB, 19%, 13.749 MiB/s, ETA 46s
Transferred:            0 / 1, 0%
Elapsed time:        10.8s
Transferring:
 * out_%E5%B0%8F%E5%9F%8E…C%2012%20%E9%9B%86.mkv: 18% /789.179Mi, 13.749Mi/s, Transferred:   	  155.496 MiB / 789.179 MiB, 20%, 13.636 MiB/s, ETA 46s
Transferred:            0 / 1, 0%
Elapsed time:        11.3s
Transferring:
 * out_%E5%B0%8F%E5%9F%8E…C%2012%20%E9%9B%86.mkv: 19% /789.179Mi, 13.636Mi/s, Transferred:   	  160.496 MiB / 789.179 MiB, 20%, 13.636 MiB/s, ETA 46s
Transferred:            0 / 1, 0%
Elapsed time:        11.8s
Transferring:
 * out_%E5%B0%8F%E5%9F%8E…C%2012%20%E9%9B%86.mkv: 20% /789.179Mi, 13.636Mi/s, Transferred:   	  166.496 MiB / 789.179 MiB, 21%, 13.541 MiB/s, ETA 45s
Transferred:            0 / 1, 0%
Elapsed time:        12.3s
Transferring:
 * out_%E5%B0%8F%E5%9F%8E…C%2012%20%E9%9B%86.mkv: 21% /789.179Mi, 13.541Mi/s, Transferred:   	  169.996 MiB / 789.179 MiB, 22%, 13.541 MiB/s, ETA 45s
Transferred:            0 / 1, 0%
Elapsed time:        12.8s
Transferring:
 * out_%E5%B0%8F%E5%9F%8E…C%2012%20%E9%9B%86.mkv: 21% /789.179Mi, 13.541Mi/s, Transferred:   	  175.996 MiB / 789.179 MiB, 22%, 13.230 MiB/s, ETA 46s
Transferred:            0 / 1, 0%
Elapsed time:        13.3s
Transferring:
 * out_%E5%B0%8F%E5%9F%8E…C%2012%20%E9%9B%86.mkv: 22% /789.179Mi, 13.230Mi/s, Transferred:   	  182.996 MiB / 789.179 MiB, 23%, 13.230 MiB/s, ETA 45s
Transferred:            0 / 1, 0%
Elapsed time:        13.8s
Transferring:
 * out_%E5%B0%8F%E5%9F%8E…C%2012%20%E9%9B%86.mkv: 23% /789.179Mi, 13.230Mi/s, Transferred:   	  188.496 MiB / 789.179 MiB, 24%, 13.071 MiB/s, ETA 45s
Transferred:            0 / 1, 0%
Elapsed time:        14.3s
Transferring:
 * out_%E5%B0%8F%E5%9F%8E…C%2012%20%E9%9B%86.mkv: 23% /789.179Mi, 13.071Mi/s, Transferred:   	  193.996 MiB / 789.179 MiB, 25%, 13.071 MiB/s, ETA 45s
Transferred:            0 / 1, 0%
Elapsed time:        14.8s
Transferring:
 * out_%E5%B0%8F%E5%9F%8E…C%2012%20%E9%9B%86.mkv: 24% /789.179Mi, 13.071Mi/s, Transferred:   	  197.996 MiB / 789.179 MiB, 25%, 12.933 MiB/s, ETA 45s
Transferred:            0 / 1, 0%
Elapsed time:        15.3s
Transferring:
 * out_%E5%B0%8F%E5%9F%8E…C%2012%20%E9%9B%86.mkv: 25% /789.179Mi, 12.933Mi/s, Transferred:   	  201.996 MiB / 789.179 MiB, 26%, 12.933 MiB/s, ETA 45s
Transferred:            0 / 1, 0%
Elapsed time:        15.8s
Transferring:
 * out_%E5%B0%8F%E5%9F%8E…C%2012%20%E9%9B%86.mkv: 25% /789.179Mi, 12.933Mi/s, Transferred:   	  207.996 MiB / 789.179 MiB, 26%, 12.781 MiB/s, ETA 45s
Transferred:            0 / 1, 0%
Elapsed time:        16.3s
Transferring:
 * out_%E5%B0%8F%E5%9F%8E…C%2012%20%E9%9B%86.mkv: 26% /789.179Mi, 12.781Mi/s, Transferred:   	  212.996 MiB / 789.179 MiB, 27%, 12.781 MiB/s, ETA 45s
Transferred:            0 / 1, 0%
Elapsed time:        16.8s
Transferring:
 * out_%E5%B0%8F%E5%9F%8E…C%2012%20%E9%9B%86.mkv: 26% /789.179Mi, 12.781Mi/s, Transferred:   	  219.996 MiB / 789.179 MiB, 28%, 12.638 MiB/s, ETA 45s
Transferred:            0 / 1, 0%
Elapsed time:        17.3s
Transferring:
 * out_%E5%B0%8F%E5%9F%8E…C%2012%20%E9%9B%86.mkv: 27% /789.179Mi, 12.638Mi/s, Transferred:   	  226.496 MiB / 789.179 MiB, 29%, 12.638 MiB/s, ETA 44s
Transferred:            0 / 1, 0%
Elapsed time:        17.8s
Transferring:
 * out_%E5%B0%8F%E5%9F%8E…C%2012%20%E9%9B%86.mkv: 28% /789.179Mi, 12.638Mi/s, Transferred:   	  232.996 MiB / 789.179 MiB, 30%, 12.692 MiB/s, ETA 43s
Transferred:            0 / 1, 0%
Elapsed time:        18.3s
Transferring:
 * out_%E5%B0%8F%E5%9F%8E…C%2012%20%E9%9B%86.mkv: 29% /789.179Mi, 12.692Mi/s, Transferred:   	  239.496 MiB / 789.179 MiB, 30%, 12.692 MiB/s, ETA 43s
Transferred:            0 / 1, 0%
Elapsed time:        18.8s
Transferring:
 * out_%E5%B0%8F%E5%9F%8E…C%2012%20%E9%9B%86.mkv: 30% /789.179Mi, 12.692Mi/s, Transferred:   	  244.996 MiB / 789.179 MiB, 31%, 12.680 MiB/s, ETA 42s
Transferred:            0 / 1, 0%
Elapsed time:        19.3s
Transferring:
 * out_%E5%B0%8F%E5%9F%8E…C%2012%20%E9%9B%86.mkv: 31% /789.179Mi, 12.680Mi/s, Transferred:   	  249.996 MiB / 789.179 MiB, 32%, 12.680 MiB/s, ETA 42s
Transferred:            0 / 1, 0%
Elapsed time:        19.8s
Transferring:
 * out_%E5%B0%8F%E5%9F%8E…C%2012%20%E9%9B%86.mkv: 31% /789.179Mi, 12.680Mi/s, Transferred:   	  255.996 MiB / 789.179 MiB, 32%, 12.450 MiB/s, ETA 42s
Transferred:            0 / 1, 0%
Elapsed time:        20.3s
Transferring:
 * out_%E5%B0%8F%E5%9F%8E…C%2012%20%E9%9B%86.mkv: 32% /789.179Mi, 12.575Mi/s, Transferred:   	  260.496 MiB / 789.179 MiB, 33%, 12.450 MiB/s, ETA 42s
Transferred:            0 / 1, 0%
Elapsed time:        20.8s
Transferring:
 * out_%E5%B0%8F%E5%9F%8E…C%2012%20%E9%9B%86.mkv: 33% /789.179Mi, 12.575Mi/s, Transferred:   	  263.996 MiB / 789.179 MiB, 33%, 12.422 MiB/s, ETA 42s
Transferred:            0 / 1, 0%
Elapsed time:        21.3s
Transferring:
 * out_%E5%B0%8F%E5%9F%8E…C%2012%20%E9%9B%86.mkv: 33% /789.179Mi, 12.445Mi/s, Transferred:   	  269.996 MiB / 789.179 MiB, 34%, 12.422 MiB/s, ETA 41s
Transferred:            0 / 1, 0%
Elapsed time:        21.8s
Transferring:
 * out_%E5%B0%8F%E5%9F%8E…C%2012%20%E9%9B%86.mkv: 34% /789.179Mi, 12.445Mi/s, Transferred:   	  274.496 MiB / 789.179 MiB, 35%, 12.239 MiB/s, ETA 42s
Transferred:            0 / 1, 0%
Elapsed time:        22.3s
Transferring:
 * out_%E5%B0%8F%E5%9F%8E…C%2012%20%E9%9B%86.mkv: 34% /789.179Mi, 12.230Mi/s, Transferred:   	  280.996 MiB / 789.179 MiB, 36%, 12.239 MiB/s, ETA 41s
Transferred:            0 / 1, 0%
Elapsed time:        22.8s
Transferring:
 * out_%E5%B0%8F%E5%9F%8E…C%2012%20%E9%9B%86.mkv: 35% /789.179Mi, 12.230Mi/s, Transferred:   	  285.996 MiB / 789.179 MiB, 36%, 12.162 MiB/s, ETA 41s
Transferred:            0 / 1, 0%
Elapsed time:        23.3s
Transferring:
 * out_%E5%B0%8F%E5%9F%8E…C%2012%20%E9%9B%86.mkv: 36% /789.179Mi, 12.153Mi/s, Transferred:   	  293.496 MiB / 789.179 MiB, 37%, 12.162 MiB/s, ETA 40s
Transferred:            0 / 1, 0%
Elapsed time:        23.8s
Transferring:
 * out_%E5%B0%8F%E5%9F%8E…C%2012%20%E9%9B%86.mkv: 37% /789.179Mi, 12.153Mi/s, Transferred:   	  299.996 MiB / 789.179 MiB, 38%, 12.183 MiB/s, ETA 40s
Transferred:            0 / 1, 0%
Elapsed time:        24.3s
Transferring:
 * out_%E5%B0%8F%E5%9F%8E…C%2012%20%E9%9B%86.mkv: 38% /789.179Mi, 12.175Mi/s, Transferred:   	  306.996 MiB / 789.179 MiB, 39%, 12.183 MiB/s, ETA 39s
Transferred:            0 / 1, 0%
Elapsed time:        24.8s
Transferring:
 * out_%E5%B0%8F%E5%9F%8E…C%2012%20%E9%9B%86.mkv: 38% /789.179Mi, 12.175Mi/s, Transferred:   	  309.996 MiB / 789.179 MiB, 39%, 12.172 MiB/s, ETA 39s
Transferred:            0 / 1, 0%
Elapsed time:        25.3s
Transferring:
 * out_%E5%B0%8F%E5%9F%8E…C%2012%20%E9%9B%86.mkv: 39% /789.179Mi, 12.164Mi/s, Transferred:   	  317.996 MiB / 789.179 MiB, 40%, 12.172 MiB/s, ETA 38s
Transferred:            0 / 1, 0%
Elapsed time:        25.8s
Transferring:
 * out_%E5%B0%8F%E5%9F%8E…C%2012%20%E9%9B%86.mkv: 40% /789.179Mi, 12.164Mi/s, Transferred:   	  322.996 MiB / 789.179 MiB, 41%, 12.098 MiB/s, ETA 38s
Transferred:            0 / 1, 0%
Elapsed time:        26.3s
Transferring:
 * out_%E5%B0%8F%E5%9F%8E…C%2012%20%E9%9B%86.mkv: 40% /789.179Mi, 12.091Mi/s, Transferred:   	  327.996 MiB / 789.179 MiB, 42%, 12.098 MiB/s, ETA 38s
Transferred:            0 / 1, 0%
Elapsed time:        26.8s
Transferring:
 * out_%E5%B0%8F%E5%9F%8E…C%2012%20%E9%9B%86.mkv: 41% /789.179Mi, 12.091Mi/s, Transferred:   	  330.996 MiB / 789.179 MiB, 42%, 12.061 MiB/s, ETA 37s
Transferred:            0 / 1, 0%
Elapsed time:        27.3s
Transferring:
 * out_%E5%B0%8F%E5%9F%8E…C%2012%20%E9%9B%86.mkv: 41% /789.179Mi, 12.054Mi/s, Transferred:   	  337.496 MiB / 789.179 MiB, 43%, 12.061 MiB/s, ETA 37s
Transferred:            0 / 1, 0%
Elapsed time:        27.8s
Transferring:
 * out_%E5%B0%8F%E5%9F%8E…C%2012%20%E9%9B%86.mkv: 42% /789.179Mi, 12.054Mi/s, Transferred:   	  342.996 MiB / 789.179 MiB, 43%, 11.901 MiB/s, ETA 37s
Transferred:            0 / 1, 0%
Elapsed time:        28.3s
Transferring:
 * out_%E5%B0%8F%E5%9F%8E…C%2012%20%E9%9B%86.mkv: 43% /789.179Mi, 11.895Mi/s, Transferred:   	  346.996 MiB / 789.179 MiB, 44%, 11.901 MiB/s, ETA 37s
Transferred:            0 / 1, 0%
Elapsed time:        28.8s
Transferring:
 * out_%E5%B0%8F%E5%9F%8E…C%2012%20%E9%9B%86.mkv: 43% /789.179Mi, 11.895Mi/s, Transferred:   	  354.996 MiB / 789.179 MiB, 45%, 11.782 MiB/s, ETA 36s
Transferred:            0 / 1, 0%
Elapsed time:        29.3s
Transferring:
 * out_%E5%B0%8F%E5%9F%8E…C%2012%20%E9%9B%86.mkv: 44% /789.179Mi, 11.776Mi/s, Transferred:   	  359.996 MiB / 789.179 MiB, 46%, 11.782 MiB/s, ETA 36s
Transferred:            0 / 1, 0%
Elapsed time:        29.8s
Transferring:
 * out_%E5%B0%8F%E5%9F%8E…C%2012%20%E9%9B%86.mkv: 45% /789.179Mi, 11.776Mi/s, Transferred:   	  367.496 MiB / 789.179 MiB, 47%, 11.858 MiB/s, ETA 35s
Transferred:            0 / 1, 0%
Elapsed time:        30.3s
Transferring:
 * out_%E5%B0%8F%E5%9F%8E…C%2012%20%E9%9B%86.mkv: 46% /789.179Mi, 11.853Mi/s, Transferred:   	  372.996 MiB / 789.179 MiB, 47%, 11.858 MiB/s, ETA 35s
Transferred:            0 / 1, 0%
Elapsed time:        30.8s
Transferring:
 * out_%E5%B0%8F%E5%9F%8E…C%2012%20%E9%9B%86.mkv: 47% /789.179Mi, 11.853Mi/s, Transferred:   	  378.996 MiB / 789.179 MiB, 48%, 11.867 MiB/s, ETA 34s
Transferred:            0 / 1, 0%
Elapsed time:        31.3s
Transferring:
 * out_%E5%B0%8F%E5%9F%8E…C%2012%20%E9%9B%86.mkv: 48% /789.179Mi, 11.862Mi/s, Transferred:   	  383.996 MiB / 789.179 MiB, 49%, 11.867 MiB/s, ETA 34s
Transferred:            0 / 1, 0%
Elapsed time:        31.8s
Transferring:
 * out_%E5%B0%8F%E5%9F%8E…C%2012%20%E9%9B%86.mkv: 48% /789.179Mi, 11.862Mi/s, Transferred:   	  390.996 MiB / 789.179 MiB, 50%, 11.938 MiB/s, ETA 33s
Transferred:            0 / 1, 0%
Elapsed time:        32.3s
Transferring:
 * out_%E5%B0%8F%E5%9F%8E…C%2012%20%E9%9B%86.mkv: 49% /789.179Mi, 11.933Mi/s, Transferred:   	  394.996 MiB / 789.179 MiB, 50%, 11.938 MiB/s, ETA 33s
Transferred:            0 / 1, 0%
Elapsed time:        32.8s
Transferring:
 * out_%E5%B0%8F%E5%9F%8E…C%2012%20%E9%9B%86.mkv: 50% /789.179Mi, 11.933Mi/s, Transferred:   	  399.496 MiB / 789.179 MiB, 51%, 11.692 MiB/s, ETA 33s
Transferred:            0 / 1, 0%
Elapsed time:        33.3s
Transferring:
 * out_%E5%B0%8F%E5%9F%8E…C%2012%20%E9%9B%86.mkv: 50% /789.179Mi, 11.687Mi/s, Transferred:   	  404.496 MiB / 789.179 MiB, 51%, 11.692 MiB/s, ETA 32s
Transferred:            0 / 1, 0%
Elapsed time:        33.8s
Transferring:
 * out_%E5%B0%8F%E5%9F%8E…C%2012%20%E9%9B%86.mkv: 51% /789.179Mi, 11.687Mi/s, Transferred:   	  408.996 MiB / 789.179 MiB, 52%, 11.649 MiB/s, ETA 32s
Transferred:            0 / 1, 0%
Elapsed time:        34.3s
Transferring:
 * out_%E5%B0%8F%E5%9F%8E…C%2012%20%E9%9B%86.mkv: 51% /789.179Mi, 11.644Mi/s, Transferred:   	  415.996 MiB / 789.179 MiB, 53%, 11.649 MiB/s, ETA 32s
Transferred:            0 / 1, 0%
Elapsed time:        34.8s
Transferring:
 * out_%E5%B0%8F%E5%9F%8E…C%2012%20%E9%9B%86.mkv: 52% /789.179Mi, 11.644Mi/s, Transferred:   	  421.496 MiB / 789.179 MiB, 53%, 11.545 MiB/s, ETA 31s
Transferred:            0 / 1, 0%
Elapsed time:        35.3s
Transferring:
 * out_%E5%B0%8F%E5%9F%8E…C%2012%20%E9%9B%86.mkv: 53% /789.179Mi, 11.542Mi/s, Transferred:   	  426.996 MiB / 789.179 MiB, 54%, 11.545 MiB/s, ETA 31s
Transferred:            0 / 1, 0%
Elapsed time:        35.8s
Transferring:
 * out_%E5%B0%8F%E5%9F%8E…C%2012%20%E9%9B%86.mkv: 54% /789.179Mi, 11.542Mi/s, Transferred:   	  434.996 MiB / 789.179 MiB, 55%, 11.699 MiB/s, ETA 30s
Transferred:            0 / 1, 0%
Elapsed time:        36.3s
Transferring:
 * out_%E5%B0%8F%E5%9F%8E…C%2012%20%E9%9B%86.mkv: 55% /789.179Mi, 11.695Mi/s, Transferred:   	  438.996 MiB / 789.179 MiB, 56%, 11.699 MiB/s, ETA 29s
Transferred:            0 / 1, 0%
Elapsed time:        36.8s
Transferring:
 * out_%E5%B0%8F%E5%9F%8E…C%2012%20%E9%9B%86.mkv: 55% /789.179Mi, 11.695Mi/s, Transferred:   	  445.996 MiB / 789.179 MiB, 57%, 11.749 MiB/s, ETA 29s
Transferred:            0 / 1, 0%
Elapsed time:        37.3s
Transferring:
 * out_%E5%B0%8F%E5%9F%8E…C%2012%20%E9%9B%86.mkv: 56% /789.179Mi, 11.745Mi/s, Transferred:   	  450.996 MiB / 789.179 MiB, 57%, 11.749 MiB/s, ETA 28s
Transferred:            0 / 1, 0%
Elapsed time:        37.8s
Transferring:
 * out_%E5%B0%8F%E5%9F%8E…C%2012%20%E9%9B%86.mkv: 57% /789.179Mi, 11.745Mi/s, Transferred:   	  457.496 MiB / 789.179 MiB, 58%, 11.640 MiB/s, ETA 28s
Transferred:            0 / 1, 0%
Elapsed time:        38.3s
Transferring:
 * out_%E5%B0%8F%E5%9F%8E…C%2012%20%E9%9B%86.mkv: 57% /789.179Mi, 11.636Mi/s, Transferred:   	  462.496 MiB / 789.179 MiB, 59%, 11.640 MiB/s, ETA 28s
Transferred:            0 / 1, 0%
Elapsed time:        38.8s
Transferring:
 * out_%E5%B0%8F%E5%9F%8E…C%2012%20%E9%9B%86.mkv: 58% /789.179Mi, 11.636Mi/s, Transferred:   	  466.996 MiB / 789.179 MiB, 59%, 11.537 MiB/s, ETA 27s
Transferred:            0 / 1, 0%
Elapsed time:        39.3s
Transferring:
 * out_%E5%B0%8F%E5%9F%8E…C%2012%20%E9%9B%86.mkv: 59% /789.179Mi, 11.534Mi/s, Transferred:   	  471.996 MiB / 789.179 MiB, 60%, 11.537 MiB/s, ETA 27s
Transferred:            0 / 1, 0%
Elapsed time:        39.8s
Transferring:
 * out_%E5%B0%8F%E5%9F%8E…C%2012%20%E9%9B%86.mkv: 59% /789.179Mi, 11.534Mi/s, Transferred:   	  477.496 MiB / 789.179 MiB, 61%, 11.410 MiB/s, ETA 27s
Transferred:            0 / 1, 0%
Elapsed time:        40.3s
Transferring:
 * out_%E5%B0%8F%E5%9F%8E…C%2012%20%E9%9B%86.mkv: 60% /789.179Mi, 11.407Mi/s, Transferred:   	  482.496 MiB / 789.179 MiB, 61%, 11.410 MiB/s, ETA 26s
Transferred:            0 / 1, 0%
Elapsed time:        40.8s
Transferring:
 * out_%E5%B0%8F%E5%9F%8E…C%2012%20%E9%9B%86.mkv: 61% /789.179Mi, 11.407Mi/s, Transferred:   	  488.996 MiB / 789.179 MiB, 62%, 11.447 MiB/s, ETA 26s
Transferred:            0 / 1, 0%
Elapsed time:        41.3s
Transferring:
 * out_%E5%B0%8F%E5%9F%8E…C%2012%20%E9%9B%86.mkv: 61% /789.179Mi, 11.444Mi/s, Transferred:   	  494.996 MiB / 789.179 MiB, 63%, 11.447 MiB/s, ETA 25s
Transferred:            0 / 1, 0%
Elapsed time:        41.8s
Transferring:
 * out_%E5%B0%8F%E5%9F%8E…C%2012%20%E9%9B%86.mkv: 62% /789.179Mi, 11.444Mi/s, Transferred:   	  501.996 MiB / 789.179 MiB, 64%, 11.544 MiB/s, ETA 24s
Transferred:            0 / 1, 0%
Elapsed time:        42.3s
Transferring:
 * out_%E5%B0%8F%E5%9F%8E…C%2012%20%E9%9B%86.mkv: 63% /789.179Mi, 11.541Mi/s, Transferred:   	  507.496 MiB / 789.179 MiB, 64%, 11.544 MiB/s, ETA 24s
Transferred:            0 / 1, 0%
Elapsed time:        42.8s
Transferring:
 * out_%E5%B0%8F%E5%9F%8E…C%2012%20%E9%9B%86.mkv: 64% /789.179Mi, 11.541Mi/s, Transferred:   	  511.496 MiB / 789.179 MiB, 65%, 11.479 MiB/s, ETA 24s
Transferred:            0 / 1, 0%
Elapsed time:        43.3s
Transferring:
 * out_%E5%B0%8F%E5%9F%8E…C%2012%20%E9%9B%86.mkv: 64% /789.179Mi, 11.476Mi/s, Transferred:   	  517.996 MiB / 789.179 MiB, 66%, 11.479 MiB/s, ETA 23s
Transferred:            0 / 1, 0%
Elapsed time:        43.8s
Transferring:
 * out_%E5%B0%8F%E5%9F%8E…C%2012%20%E9%9B%86.mkv: 65% /789.179Mi, 11.476Mi/s, Transferred:   	  523.496 MiB / 789.179 MiB, 66%, 11.542 MiB/s, ETA 23s
Transferred:            0 / 1, 0%
Elapsed time:        44.3s
Transferring:
 * out_%E5%B0%8F%E5%9F%8E…C%2012%20%E9%9B%86.mkv: 66% /789.179Mi, 11.540Mi/s, Transferred:   	  528.496 MiB / 789.179 MiB, 67%, 11.542 MiB/s, ETA 22s
Transferred:            0 / 1, 0%
Elapsed time:        44.8s
Transferring:
 * out_%E5%B0%8F%E5%9F%8E…C%2012%20%E9%9B%86.mkv: 66% /789.179Mi, 11.540Mi/s, Transferred:   	  532.996 MiB / 789.179 MiB, 68%, 11.446 MiB/s, ETA 22s
Transferred:            0 / 1, 0%
Elapsed time:        45.3s
Transferring:
 * out_%E5%B0%8F%E5%9F%8E…C%2012%20%E9%9B%86.mkv: 67% /789.179Mi, 11.444Mi/s, Transferred:   	  537.996 MiB / 789.179 MiB, 68%, 11.446 MiB/s, ETA 21s
Transferred:            0 / 1, 0%
Elapsed time:        45.8s
Transferring:
 * out_%E5%B0%8F%E5%9F%8E…C%2012%20%E9%9B%86.mkv: 68% /789.179Mi, 11.444Mi/s, Transferred:   	  542.996 MiB / 789.179 MiB, 69%, 11.356 MiB/s, ETA 21s
Transferred:            0 / 1, 0%
Elapsed time:        46.3s
Transferring:
 * out_%E5%B0%8F%E5%9F%8E…C%2012%20%E9%9B%86.mkv: 68% /789.179Mi, 11.354Mi/s, Transferred:   	  546.496 MiB / 789.179 MiB, 69%, 11.356 MiB/s, ETA 21s
Transferred:            0 / 1, 0%
Elapsed time:        46.8s
Transferring:
 * out_%E5%B0%8F%E5%9F%8E…C%2012%20%E9%9B%86.mkv: 69% /789.179Mi, 11.354Mi/s, Transferred:   	  549.496 MiB / 789.179 MiB, 70%, 11.052 MiB/s, ETA 21s
Transferred:            0 / 1, 0%
Elapsed time:        47.3s
Transferring:
 * out_%E5%B0%8F%E5%9F%8E…C%2012%20%E9%9B%86.mkv: 69% /789.179Mi, 11.050Mi/s, Transferred:   	  555.996 MiB / 789.179 MiB, 70%, 11.052 MiB/s, ETA 21s
Transferred:            0 / 1, 0%
Elapsed time:        47.8s
Transferring:
 * out_%E5%B0%8F%E5%9F%8E…C%2012%20%E9%9B%86.mkv: 70% /789.179Mi, 11.050Mi/s, Transferred:   	  560.996 MiB / 789.179 MiB, 71%, 11.018 MiB/s, ETA 20s
Transferred:            0 / 1, 0%
Elapsed time:        48.3s
Transferring:
 * out_%E5%B0%8F%E5%9F%8E…C%2012%20%E9%9B%86.mkv: 71% /789.179Mi, 11.047Mi/s, Transferred:   	  565.496 MiB / 789.179 MiB, 72%, 11.018 MiB/s, ETA 20s
Transferred:            0 / 1, 0%
Elapsed time:        48.8s
Transferring:
 * out_%E5%B0%8F%E5%9F%8E…C%2012%20%E9%9B%86.mkv: 71% /789.179Mi, 11.047Mi/s, Transferred:   	  567.496 MiB / 789.179 MiB, 72%, 10.860 MiB/s, ETA 20s
Transferred:            0 / 1, 0%
Elapsed time:        49.3s
Transferring:
 * out_%E5%B0%8F%E5%9F%8E…C%2012%20%E9%9B%86.mkv: 71% /789.179Mi, 10.857Mi/s, Transferred:   	  572.496 MiB / 789.179 MiB, 73%, 10.860 MiB/s, ETA 19s
Transferred:            0 / 1, 0%
Elapsed time:        49.8s
Transferring:
 * out_%E5%B0%8F%E5%9F%8E…C%2012%20%E9%9B%86.mkv: 72% /789.179Mi, 10.857Mi/s, Transferred:   	  573.996 MiB / 789.179 MiB, 73%, 10.619 MiB/s, ETA 20s
Transferred:            0 / 1, 0%
Elapsed time:        50.3s
Transferring:
 * out_%E5%B0%8F%E5%9F%8E…C%2012%20%E9%9B%86.mkv: 72% /789.179Mi, 10.616Mi/s, Transferred:   	  580.496 MiB / 789.179 MiB, 74%, 10.619 MiB/s, ETA 19s
Transferred:            0 / 1, 0%
Elapsed time:        50.8s
Transferring:
 * out_%E5%B0%8F%E5%9F%8E…C%2012%20%E9%9B%86.mkv: 73% /789.179Mi, 10.616Mi/s, Transferred:   	  584.496 MiB / 789.179 MiB, 74%, 10.455 MiB/s, ETA 19s
Transferred:            0 / 1, 0%
Elapsed time:        51.3s
Transferring:
 * out_%E5%B0%8F%E5%9F%8E…C%2012%20%E9%9B%86.mkv: 74% /789.179Mi, 10.452Mi/s, Transferred:   	  587.996 MiB / 789.179 MiB, 75%, 10.455 MiB/s, ETA 19s
Transferred:            0 / 1, 0%
Elapsed time:        51.8s
Transferring:
 * out_%E5%B0%8F%E5%9F%8E…C%2012%20%E9%9B%86.mkv: 74% /789.179Mi, 10.452Mi/s, Transferred:   	  589.496 MiB / 789.179 MiB, 75%, 10.271 MiB/s, ETA 19s
Transferred:            0 / 1, 0%
Elapsed time:        52.3s
Transferring:
 * out_%E5%B0%8F%E5%9F%8E…C%2012%20%E9%9B%86.mkv: 74% /789.179Mi, 10.268Mi/s, Transferred:   	  594.496 MiB / 789.179 MiB, 75%, 10.271 MiB/s, ETA 18s
Transferred:            0 / 1, 0%
Elapsed time:        52.8s
Transferring:
 * out_%E5%B0%8F%E5%9F%8E…C%2012%20%E9%9B%86.mkv: 75% /789.179Mi, 10.268Mi/s, Transferred:   	  596.496 MiB / 789.179 MiB, 76%, 10.035 MiB/s, ETA 19s
Transferred:            0 / 1, 0%
Elapsed time:        53.3s
Transferring:
 * out_%E5%B0%8F%E5%9F%8E…C%2012%20%E9%9B%86.mkv: 75% /789.179Mi, 10.032Mi/s, Transferred:   	  599.996 MiB / 789.179 MiB, 76%, 10.035 MiB/s, ETA 18s
Transferred:            0 / 1, 0%
Elapsed time:        53.8s
Transferring:
 * out_%E5%B0%8F%E5%9F%8E…C%2012%20%E9%9B%86.mkv: 76% /789.179Mi, 10.032Mi/s, Transferred:   	  604.996 MiB / 789.179 MiB, 77%, 9.877 MiB/s, ETA 18s
Transferred:            0 / 1, 0%
Elapsed time:        54.3s
Transferring:
 * out_%E5%B0%8F%E5%9F%8E…C%2012%20%E9%9B%86.mkv: 76% /789.179Mi, 9.874Mi/s, 1Transferred:   	  609.496 MiB / 789.179 MiB, 77%, 9.877 MiB/s, ETA 18s
Transferred:            0 / 1, 0%
Elapsed time:        54.8s
Transferring:
 * out_%E5%B0%8F%E5%9F%8E…C%2012%20%E9%9B%86.mkv: 77% /789.179Mi, 9.874Mi/s, 1Transferred:   	  612.496 MiB / 789.179 MiB, 78%, 9.822 MiB/s, ETA 17s
Transferred:            0 / 1, 0%
Elapsed time:        55.3s
Transferring:
 * out_%E5%B0%8F%E5%9F%8E…C%2012%20%E9%9B%86.mkv: 77% /789.179Mi, 9.819Mi/s, 1Transferred:   	  619.496 MiB / 789.179 MiB, 78%, 9.822 MiB/s, ETA 17s
Transferred:            0 / 1, 0%
Elapsed time:        55.8s
Transferring:
 * out_%E5%B0%8F%E5%9F%8E…C%2012%20%E9%9B%86.mkv: 78% /789.179Mi, 9.819Mi/s, 1Transferred:   	  628.496 MiB / 789.179 MiB, 80%, 9.864 MiB/s, ETA 16s
Transferred:            0 / 1, 0%
Elapsed time:        56.3s
Transferring:
 * out_%E5%B0%8F%E5%9F%8E…C%2012%20%E9%9B%86.mkv: 79% /789.179Mi, 9.862Mi/s, 1Transferred:   	  635.996 MiB / 789.179 MiB, 81%, 9.864 MiB/s, ETA 15s
Transferred:            0 / 1, 0%
Elapsed time:        56.8s
Transferring:
 * out_%E5%B0%8F%E5%9F%8E…C%2012%20%E9%9B%86.mkv: 80% /789.179Mi, 9.862Mi/s, 1Transferred:   	  646.496 MiB / 789.179 MiB, 82%, 10.373 MiB/s, ETA 13s
Transferred:            0 / 1, 0%
Elapsed time:        57.3s
Transferring:
 * out_%E5%B0%8F%E5%9F%8E…C%2012%20%E9%9B%86.mkv: 81% /789.179Mi, 10.371Mi/s, Transferred:   	  655.496 MiB / 789.179 MiB, 83%, 10.373 MiB/s, ETA 12s
Transferred:            0 / 1, 0%
Elapsed time:        57.8s
Transferring:
 * out_%E5%B0%8F%E5%9F%8E…C%2012%20%E9%9B%86.mkv: 83% /789.179Mi, 10.371Mi/s, Transferred:   	  664.496 MiB / 789.179 MiB, 84%, 10.849 MiB/s, ETA 11s
Transferred:            0 / 1, 0%
Elapsed time:        58.3s
Transferring:
 * out_%E5%B0%8F%E5%9F%8E…C%2012%20%E9%9B%86.mkv: 84% /789.179Mi, 10.847Mi/s, Transferred:   	  669.496 MiB / 789.179 MiB, 85%, 10.849 MiB/s, ETA 11s
Transferred:            0 / 1, 0%
Elapsed time:        58.8s
Transferring:
 * out_%E5%B0%8F%E5%9F%8E…C%2012%20%E9%9B%86.mkv: 84% /789.179Mi, 10.847Mi/s, Transferred:   	  674.496 MiB / 789.179 MiB, 85%, 11.046 MiB/s, ETA 10s
Transferred:            0 / 1, 0%
Elapsed time:        59.3s
Transferring:
 * out_%E5%B0%8F%E5%9F%8E…C%2012%20%E9%9B%86.mkv: 85% /789.179Mi, 11.044Mi/s, Transferred:   	  680.496 MiB / 789.179 MiB, 86%, 11.046 MiB/s, ETA 9s
Transferred:            0 / 1, 0%
Elapsed time:        59.8s
Transferring:
 * out_%E5%B0%8F%E5%9F%8E…C%2012%20%E9%9B%86.mkv: 86% /789.179Mi, 11.044Mi/s, Transferred:   	  686.496 MiB / 789.179 MiB, 87%, 10.918 MiB/s, ETA 9s
Transferred:            0 / 1, 0%
Elapsed time:       1m0.3s
Transferring:
 * out_%E5%B0%8F%E5%9F%8E…C%2012%20%E9%9B%86.mkv: 86% /789.179Mi, 10.979Mi/s, Transferred:   	  689.496 MiB / 789.179 MiB, 87%, 10.918 MiB/s, ETA 9s
Transferred:            0 / 1, 0%
Elapsed time:       1m0.8s
Transferring:
 * out_%E5%B0%8F%E5%9F%8E…C%2012%20%E9%9B%86.mkv: 87% /789.179Mi, 10.979Mi/s, Transferred:   	  693.496 MiB / 789.179 MiB, 88%, 10.923 MiB/s, ETA 8s
Transferred:            0 / 1, 0%
Elapsed time:       1m1.3s
Transferring:
 * out_%E5%B0%8F%E5%9F%8E…C%2012%20%E9%9B%86.mkv: 87% /789.179Mi, 10.918Mi/s, Transferred:   	  699.496 MiB / 789.179 MiB, 89%, 10.923 MiB/s, ETA 8s
Transferred:            0 / 1, 0%
Elapsed time:       1m1.8s
Transferring:
 * out_%E5%B0%8F%E5%9F%8E…C%2012%20%E9%9B%86.mkv: 88% /789.179Mi, 10.918Mi/s, Transferred:   	  704.496 MiB / 789.179 MiB, 89%, 10.866 MiB/s, ETA 7s
Transferred:            0 / 1, 0%
Elapsed time:       1m2.3s
Transferring:
 * out_%E5%B0%8F%E5%9F%8E…C%2012%20%E9%9B%86.mkv: 89% /789.179Mi, 10.861Mi/s, Transferred:   	  710.496 MiB / 789.179 MiB, 90%, 10.866 MiB/s, ETA 7s
Transferred:            0 / 1, 0%
Elapsed time:       1m2.8s
Transferring:
 * out_%E5%B0%8F%E5%9F%8E…C%2012%20%E9%9B%86.mkv: 90% /789.179Mi, 10.861Mi/s, Transferred:   	  716.996 MiB / 789.179 MiB, 91%, 10.874 MiB/s, ETA 6s
Transferred:            0 / 1, 0%
Elapsed time:       1m3.3s
Transferring:
 * out_%E5%B0%8F%E5%9F%8E…C%2012%20%E9%9B%86.mkv: 90% /789.179Mi, 10.869Mi/s, Transferred:   	  723.496 MiB / 789.179 MiB, 92%, 10.874 MiB/s, ETA 6s
Transferred:            0 / 1, 0%
Elapsed time:       1m3.8s
Transferring:
 * out_%E5%B0%8F%E5%9F%8E…C%2012%20%E9%9B%86.mkv: 91% /789.179Mi, 10.869Mi/s, Transferred:   	  729.496 MiB / 789.179 MiB, 92%, 10.976 MiB/s, ETA 5s
Transferred:            0 / 1, 0%
Elapsed time:       1m4.3s
Transferring:
 * out_%E5%B0%8F%E5%9F%8E…C%2012%20%E9%9B%86.mkv: 92% /789.179Mi, 10.971Mi/s, Transferred:   	  737.496 MiB / 789.179 MiB, 93%, 10.976 MiB/s, ETA 4s
Transferred:            0 / 1, 0%
Elapsed time:       1m4.8s
Transferring:
 * out_%E5%B0%8F%E5%9F%8E…C%2012%20%E9%9B%86.mkv: 93% /789.179Mi, 10.971Mi/s, Transferred:   	  741.996 MiB / 789.179 MiB, 94%, 11.071 MiB/s, ETA 4s
Transferred:            0 / 1, 0%
Elapsed time:       1m5.3s
Transferring:
 * out_%E5%B0%8F%E5%9F%8E…C%2012%20%E9%9B%86.mkv: 94% /789.179Mi, 11.067Mi/s, Transferred:   	  747.496 MiB / 789.179 MiB, 95%, 11.071 MiB/s, ETA 3s
Transferred:            0 / 1, 0%
Elapsed time:       1m5.8s
Transferring:
 * out_%E5%B0%8F%E5%9F%8E…C%2012%20%E9%9B%86.mkv: 94% /789.179Mi, 11.067Mi/s, Transferred:   	  752.496 MiB / 789.179 MiB, 95%, 11.129 MiB/s, ETA 3s
Transferred:            0 / 1, 0%
Elapsed time:       1m6.3s
Transferring:
 * out_%E5%B0%8F%E5%9F%8E…C%2012%20%E9%9B%86.mkv: 95% /789.179Mi, 11.125Mi/s, Transferred:   	  757.996 MiB / 789.179 MiB, 96%, 11.129 MiB/s, ETA 2s
Transferred:            0 / 1, 0%
Elapsed time:       1m6.8s
Transferring:
 * out_%E5%B0%8F%E5%9F%8E…C%2012%20%E9%9B%86.mkv: 96% /789.179Mi, 11.125Mi/s, Transferred:   	  762.496 MiB / 789.179 MiB, 97%, 11.059 MiB/s, ETA 2s
Transferred:            0 / 1, 0%
Elapsed time:       1m7.3s
Transferring:
 * out_%E5%B0%8F%E5%9F%8E…C%2012%20%E9%9B%86.mkv: 96% /789.179Mi, 11.055Mi/s, Transferred:   	  767.996 MiB / 789.179 MiB, 97%, 11.059 MiB/s, ETA 1s
Transferred:            0 / 1, 0%
Elapsed time:       1m7.8s
Transferring:
 * out_%E5%B0%8F%E5%9F%8E…C%2012%20%E9%9B%86.mkv: 97% /789.179Mi, 11.055Mi/s, Transferred:   	  772.996 MiB / 789.179 MiB, 98%, 10.899 MiB/s, ETA 1s
Transferred:            0 / 1, 0%
Elapsed time:       1m8.3s
Transferring:
 * out_%E5%B0%8F%E5%9F%8E…C%2012%20%E9%9B%86.mkv: 97% /789.179Mi, 10.895Mi/s, Transferred:   	  777.496 MiB / 789.179 MiB, 99%, 10.899 MiB/s, ETA 1s
Transferred:            0 / 1, 0%
Elapsed time:       1m8.8s
Transferring:
 * out_%E5%B0%8F%E5%9F%8E…C%2012%20%E9%9B%86.mkv: 98% /789.179Mi, 10.895Mi/s, Transferred:   	  784.496 MiB / 789.179 MiB, 99%, 10.936 MiB/s, ETA 0s
Transferred:            0 / 1, 0%
Elapsed time:       1m9.3s
Transferring:
 * out_%E5%B0%8F%E5%9F%8E…C%2012%20%E9%9B%86.mkv: 99% /789.179Mi, 10.933Mi/s, Transferred:   	  789.179 MiB / 789.179 MiB, 100%, 10.936 MiB/s, ETA 0s
Transferred:            0 / 1, 0%
Elapsed time:       1m9.8s
Transferring:
 * out_%E5%B0%8F%E5%9F%8E…C%2012%20%E9%9B%86.mkv:100% /789.179Mi, 10.933Mi/s, Transferred:   	  789.179 MiB / 789.179 MiB, 100%, 10.858 MiB/s, ETA 0s
Transferred:            0 / 1, 0%
Elapsed time:      1m10.3s
Transferring:
 * out_%E5%B0%8F%E5%9F%8E…C%2012%20%E9%9B%86.mkv:100% /789.179Mi, 10.855Mi/s, Transferred:   	  789.179 MiB / 789.179 MiB, 100%, 10.858 MiB/s, ETA 0s
Transferred:            0 / 1, 0%
Elapsed time:      1m10.8s
Transferring:
 * out_%E5%B0%8F%E5%9F%8E…C%2012%20%E9%9B%86.mkv:100% /789.179Mi, 10.855Mi/s, Transferred:   	  789.179 MiB / 789.179 MiB, 100%, 10.179 MiB/s, ETA 0s
Transferred:            0 / 1, 0%
Elapsed time:      1m11.3s
Transferring:
 * out_%E5%B0%8F%E5%9F%8E…C%2012%20%E9%9B%86.mkv:100% /789.179Mi, 10.176Mi/s, Transferred:   	  789.179 MiB / 789.179 MiB, 100%, 10.179 MiB/s, ETA 0s
Transferred:            0 / 1, 0%
Elapsed time:      1m11.8s
Transferring:
 * out_%E5%B0%8F%E5%9F%8E…C%2012%20%E9%9B%86.mkv:100% /789.179Mi, 10.176Mi/s, Transferred:   	  789.179 MiB / 789.179 MiB, 100%, 9.543 MiB/s, ETA 0s
Transferred:            0 / 1, 0%
Elapsed time:      1m12.3s
Transferring:
 * out_%E5%B0%8F%E5%9F%8E…C%2012%20%E9%9B%86.mkv:100% /789.179Mi, 9.540Mi/s, 0Transferred:   	  789.179 MiB / 789.179 MiB, 100%, 9.543 MiB/s, ETA 0s
Transferred:            0 / 1, 0%
Elapsed time:      1m12.8s
Transferring:
 * out_%E5%B0%8F%E5%9F%8E…C%2012%20%E9%9B%86.mkv:100% /789.179Mi, 9.540Mi/s, 0Transferred:   	  789.179 MiB / 789.179 MiB, 100%, 8.947 MiB/s, ETA 0s
Transferred:            0 / 1, 0%
Elapsed time:      1m13.3s
Transferring:
 * out_%E5%B0%8F%E5%9F%8E…C%2012%20%E9%9B%86.mkv:100% /789.179Mi, 8.944Mi/s, 0Transferred:   	  789.179 MiB / 789.179 MiB, 100%, 8.947 MiB/s, ETA 0s
Transferred:            0 / 1, 0%
Elapsed time:      1m13.8s
Transferring:
 * out_%E5%B0%8F%E5%9F%8E…C%2012%20%E9%9B%86.mkv:100% /789.179Mi, 8.944Mi/s, 0Transferred:   	  789.179 MiB / 789.179 MiB, 100%, 8.387 MiB/s, ETA 0s
Transferred:            0 / 1, 0%
Elapsed time:      1m14.3s
Transferring:
 * out_%E5%B0%8F%E5%9F%8E…C%2012%20%E9%9B%86.mkv:100% /789.179Mi, 8.385Mi/s, 0Transferred:   	  789.179 MiB / 789.179 MiB, 100%, 8.387 MiB/s, ETA 0s
Transferred:            1 / 1, 100%
Elapsed time:      1m14.6s
